###############################################################################
#                                                                             #
# IAR ANSI C/C++ Compiler V6.70.2.6274/W32 for ARM      03/Nov/2019  15:52:04 #
# Copyright 1999-2013 IAR Systems AB.                                         #
#                                                                             #
#    Cpu mode     =  thumb                                                    #
#    Endian       =  little                                                   #
#    Source file  =  D:\Buyun\Progress\memristor based control\mcu            #
#                    code\paper code\0.1ms control period\test                #
#                    code\CBY_K60_balance_DAC\project\(DMA PDB                #
#                    ADC)LPLD_DmaPdbADCx4\app\kalman.c                        #
#    Command line =  "D:\Buyun\Progress\memristor based control\mcu           #
#                    code\paper code\0.1ms control period\test                #
#                    code\CBY_K60_balance_DAC\project\(DMA PDB                #
#                    ADC)LPLD_DmaPdbADCx4\app\kalman.c" -D LPLD_K60 -lCN      #
#                    "D:\Buyun\Progress\memristor based control\mcu           #
#                    code\paper code\0.1ms control period\test                #
#                    code\CBY_K60_balance_DAC\project\(DMA PDB                #
#                    ADC)LPLD_DmaPdbADCx4\iar\FLASH\List\" -lB                #
#                    "D:\Buyun\Progress\memristor based control\mcu           #
#                    code\paper code\0.1ms control period\test                #
#                    code\CBY_K60_balance_DAC\project\(DMA PDB                #
#                    ADC)LPLD_DmaPdbADCx4\iar\FLASH\List\" -o                 #
#                    "D:\Buyun\Progress\memristor based control\mcu           #
#                    code\paper code\0.1ms control period\test                #
#                    code\CBY_K60_balance_DAC\project\(DMA PDB                #
#                    ADC)LPLD_DmaPdbADCx4\iar\FLASH\Obj\" --no_cse            #
#                    --no_unroll --no_inline --no_code_motion --no_tbaa       #
#                    --no_clustering --no_scheduling --debug --endian=little  #
#                    --cpu=Cortex-M4 -e --fpu=None --dlib_config "C:\Program  #
#                    Files (x86)\IAR Systems\Embedded Workbench               #
#                    6.5_2\arm\INC\c\DLib_Config_Normal.h" -I                 #
#                    "D:\Buyun\Progress\memristor based control\mcu           #
#                    code\paper code\0.1ms control period\test                #
#                    code\CBY_K60_balance_DAC\project\(DMA PDB                #
#                    ADC)LPLD_DmaPdbADCx4\iar\..\app\" -I                     #
#                    "D:\Buyun\Progress\memristor based control\mcu           #
#                    code\paper code\0.1ms control period\test                #
#                    code\CBY_K60_balance_DAC\project\(DMA PDB                #
#                    ADC)LPLD_DmaPdbADCx4\iar\..\..\..\lib\CPU\" -I           #
#                    "D:\Buyun\Progress\memristor based control\mcu           #
#                    code\paper code\0.1ms control period\test                #
#                    code\CBY_K60_balance_DAC\project\(DMA PDB                #
#                    ADC)LPLD_DmaPdbADCx4\iar\..\..\..\lib\common\" -I        #
#                    "D:\Buyun\Progress\memristor based control\mcu           #
#                    code\paper code\0.1ms control period\test                #
#                    code\CBY_K60_balance_DAC\project\(DMA PDB                #
#                    ADC)LPLD_DmaPdbADCx4\iar\..\..\..\lib\LPLD\" -I          #
#                    "D:\Buyun\Progress\memristor based control\mcu           #
#                    code\paper code\0.1ms control period\test                #
#                    code\CBY_K60_balance_DAC\project\(DMA PDB                #
#                    ADC)LPLD_DmaPdbADCx4\iar\..\..\..\lib\LPLD\HW\" -I       #
#                    "D:\Buyun\Progress\memristor based control\mcu           #
#                    code\paper code\0.1ms control period\test                #
#                    code\CBY_K60_balance_DAC\project\(DMA PDB                #
#                    ADC)LPLD_DmaPdbADCx4\iar\..\..\..\lib\LPLD\DEV\" -I      #
#                    "D:\Buyun\Progress\memristor based control\mcu           #
#                    code\paper code\0.1ms control period\test                #
#                    code\CBY_K60_balance_DAC\project\(DMA PDB                #
#                    ADC)LPLD_DmaPdbADCx4\iar\..\..\..\lib\uCOS-II\Ports\"    #
#                    -I "D:\Buyun\Progress\memristor based control\mcu        #
#                    code\paper code\0.1ms control period\test                #
#                    code\CBY_K60_balance_DAC\project\(DMA PDB                #
#                    ADC)LPLD_DmaPdbADCx4\iar\..\..\..\lib\uCOS-II\Source\"   #
#                    -I "D:\Buyun\Progress\memristor based control\mcu        #
#                    code\paper code\0.1ms control period\test                #
#                    code\CBY_K60_balance_DAC\project\(DMA PDB                #
#                    ADC)LPLD_DmaPdbADCx4\iar\..\..\..\lib\FatFs\" -I         #
#                    "D:\Buyun\Progress\memristor based control\mcu           #
#                    code\paper code\0.1ms control period\test                #
#                    code\CBY_K60_balance_DAC\project\(DMA PDB                #
#                    ADC)LPLD_DmaPdbADCx4\iar\..\..\..\lib\FatFs\option\" -I  #
#                    "D:\Buyun\Progress\memristor based control\mcu           #
#                    code\paper code\0.1ms control period\test                #
#                    code\CBY_K60_balance_DAC\project\(DMA PDB                #
#                    ADC)LPLD_DmaPdbADCx4\iar\..\..\..\lib\USB\common\" -I    #
#                    "D:\Buyun\Progress\memristor based control\mcu           #
#                    code\paper code\0.1ms control period\test                #
#                    code\CBY_K60_balance_DAC\project\(DMA PDB                #
#                    ADC)LPLD_DmaPdbADCx4\iar\..\..\..\lib\USB\driver\" -I    #
#                    "D:\Buyun\Progress\memristor based control\mcu           #
#                    code\paper code\0.1ms control period\test                #
#                    code\CBY_K60_balance_DAC\project\(DMA PDB                #
#                    ADC)LPLD_DmaPdbADCx4\iar\..\..\..\lib\USB\descriptor\"   #
#                    -I "D:\Buyun\Progress\memristor based control\mcu        #
#                    code\paper code\0.1ms control period\test                #
#                    code\CBY_K60_balance_DAC\project\(DMA PDB                #
#                    ADC)LPLD_DmaPdbADCx4\iar\..\..\..\lib\USB\class\" -Ol    #
#                    -I "C:\Program Files (x86)\IAR Systems\Embedded          #
#                    Workbench 6.5_2\arm\CMSIS\Include\" -D ARM_MATH_CM4      #
#    List file    =  D:\Buyun\Progress\memristor based control\mcu            #
#                    code\paper code\0.1ms control period\test                #
#                    code\CBY_K60_balance_DAC\project\(DMA PDB                #
#                    ADC)LPLD_DmaPdbADCx4\iar\FLASH\List\kalman.lst           #
#    Object file  =  D:\Buyun\Progress\memristor based control\mcu            #
#                    code\paper code\0.1ms control period\test                #
#                    code\CBY_K60_balance_DAC\project\(DMA PDB                #
#                    ADC)LPLD_DmaPdbADCx4\iar\FLASH\Obj\kalman.o              #
#                                                                             #
#                                                                             #
###############################################################################

D:\Buyun\Progress\memristor based control\mcu code\paper code\0.1ms control period\test code\CBY_K60_balance_DAC\project\(DMA PDB ADC)LPLD_DmaPdbADCx4\app\kalman.c
      1           #include "common.h"
      2          
      3          //-------------------------------------------------------
      4          //Kalman滤波，8MHz的处理时间约1.8ms；
      5          //-------------------------------------------------------
      6          //float angle, angle_dot;                 //外部需要引用的变量
      7          //-------------------------------------------------------

   \                                 In section .data, align 4
      8          float Q_angle=0.001, Q_gyro=0.003, R_angle=300,/*0.5,*/ dt=0.0035;
   \                     Q_angle:
   \   00000000   0x3A83126F         DC32 3A83126FH

   \                                 In section .data, align 4
   \                     Q_gyro:
   \   00000000   0x3B449BA6         DC32 3B449BA6H

   \                                 In section .data, align 4
   \                     R_angle:
   \   00000000   0x43960000         DC32 43960000H

   \                                 In section .data, align 4
   \                     dt:
   \   00000000   0x3B656042         DC32 3B656042H
      9                                  //注意：dt的取值为kalman滤波器采样时间

   \                                 In section .data, align 4
     10          float P[2][2] = {
   \                     P:
   \   00000000   0x3F800000         DC32 3F800000H, 0H, 0H, 3F800000H
   \              0x00000000   
   \              0x00000000   
   \              0x3F800000   
     11                                                                  { 1, 0 },
     12                                                                  { 0, 1 }
     13                                                          };
     14                  

   \                                 In section .bss, align 4
     15          float Pdot[4] ={0,0,0,0};
   \                     Pdot:
   \   00000000                      DS8 16
     16          

   \                                 In section .rodata, align 1
     17          const char C_0 = 1;
   \                     C_0:
   \   00000000   0x01               DC8 1
     18          

   \                                 In section .bss, align 4
     19          float q_bias, angle_err, PCt_0, PCt_1, E, K_0, K_1, t_0, t_1;
   \                     q_bias:
   \   00000000                      DS8 4

   \                                 In section .bss, align 4
   \                     angle_err:
   \   00000000                      DS8 4

   \                                 In section .bss, align 4
   \                     PCt_0:
   \   00000000                      DS8 4

   \                                 In section .bss, align 4
   \                     PCt_1:
   \   00000000                      DS8 4

   \                                 In section .bss, align 4
   \                     E:
   \   00000000                      DS8 4

   \                                 In section .bss, align 4
   \                     K_0:
   \   00000000                      DS8 4

   \                                 In section .bss, align 4
   \                     K_1:
   \   00000000                      DS8 4

   \                                 In section .bss, align 4
   \                     t_0:
   \   00000000                      DS8 4

   \                                 In section .bss, align 4
   \                     t_1:
   \   00000000                      DS8 4
     20          
     21          //-------------------------------------------------------
     22          
     23          
     24          

   \                                 In section .text, align 2, keep-with-next
     25          void Get_GA(float angle_m,float gyro_m)  //归一化
     26          {
   \                     Get_GA: (+1)
   \   00000000   0xB510             PUSH     {R4,LR}
   \   00000002   0x000C             MOVS     R4,R1
     27            angle_phy = 180*(angle_m)/32767;
   \   00000004   0x.... 0x....      LDR.W    R1,??DataTable3  ;; 0x43340000
   \   00000008   0x.... 0x....      BL       __aeabi_fmul
   \   0000000C   0x.... 0x....      LDR.W    R1,??DataTable3_1  ;; 0x46fffe00
   \   00000010   0x.... 0x....      BL       __aeabi_fdiv
   \   00000014   0x.... 0x....      LDR.W    R1,??DataTable3_2
   \   00000018   0x6008             STR      R0,[R1, #+0]
     28            dangle_phy = 2000*(gyro_m)/65535;  
   \   0000001A   0x.... 0x....      LDR.W    R0,??DataTable3_3  ;; 0x44fa0000
   \   0000001E   0x0021             MOVS     R1,R4
   \   00000020   0x.... 0x....      BL       __aeabi_fmul
   \   00000024   0x.... 0x....      LDR.W    R1,??DataTable3_4  ;; 0x477fff00
   \   00000028   0x.... 0x....      BL       __aeabi_fdiv
   \   0000002C   0x.... 0x....      LDR.W    R1,??DataTable3_5
   \   00000030   0x6008             STR      R0,[R1, #+0]
     29          }
   \   00000032   0xBD10             POP      {R4,PC}          ;; return
     30          

   \                                 In section .text, align 2, keep-with-next
     31           void AngleCalculate(void) 
     32          {
   \                     AngleCalculate: (+1)
   \   00000000   0xB570             PUSH     {R4-R6,LR}
     33            float fDeltaValue;
     34            int accvalue,gyrovalue; 
     35          
     36            ii++;
   \   00000002   0x.... 0x....      LDR.W    R0,??DataTable3_6
   \   00000006   0x6800             LDR      R0,[R0, #+0]
   \   00000008   0x1C40             ADDS     R0,R0,#+1
   \   0000000A   0x.... 0x....      LDR.W    R1,??DataTable3_6
   \   0000000E   0x6008             STR      R0,[R1, #+0]
     37          	accvalue = (int)(CV_ACCE_OFFSET-Accelerometer);
   \   00000010   0x.... 0x....      LDR.W    R0,??DataTable3_7
   \   00000014   0x6800             LDR      R0,[R0, #+0]
   \   00000016   0x.... 0x....      LDR.W    R1,??DataTable3_8
   \   0000001A   0x6809             LDR      R1,[R1, #+0]
   \   0000001C   0x1A40             SUBS     R0,R0,R1
     38          
     39            g_fGravityAngle = accvalue * GRAVITY_ANGLE_RATIO;     //加速度归一
   \   0000001E   0x2103             MOVS     R1,#+3
   \   00000020   0x4348             MULS     R0,R1,R0
   \   00000022   0x.... 0x....      LDR.W    R1,??DataTable3_9
   \   00000026   0x6008             STR      R0,[R1, #+0]
     40          /////////////////////////////////////////////////////////////////////////////////////////// 
     41          	gyrovalue = (int)-((Gyro_Balance - CV_GYRO_ZERO));
   \   00000028   0x.... 0x....      LDR.W    R0,??DataTable3_10
   \   0000002C   0x6800             LDR      R0,[R0, #+0]
   \   0000002E   0x.... 0x....      LDR.W    R1,??DataTable3_11
   \   00000032   0x6809             LDR      R1,[R1, #+0]
   \   00000034   0x1A40             SUBS     R0,R0,R1
     42           	g_fGyroscopeAngleSpeed = (gyrovalue * CAR_GYRO_RATIO_INT);    //陀螺仪归一
   \   00000036   0x.... 0x....      BL       __aeabi_i2d
   \   0000003A   0xF05F 0x3266      MOVS     R2,#+1717986918
   \   0000003E   0x.... 0x....      LDR.W    R3,??DataTable3_12  ;; 0x3ff66666
   \   00000042   0x.... 0x....      BL       __aeabi_dmul
   \   00000046   0x.... 0x....      BL       __aeabi_d2iz
   \   0000004A   0x.... 0x....      LDR.W    R1,??DataTable3_13
   \   0000004E   0x6008             STR      R0,[R1, #+0]
     43          ///////////////////////////////////////////////////////////////////////////////////////////  
     44            g_fCarAngle = g_fGyroscopeAngleIntegral;
   \   00000050   0x.... 0x....      LDR.W    R0,??DataTable3_14
   \   00000054   0x.... 0x....      LDR.W    R1,??DataTable3_15
   \   00000058   0x6809             LDR      R1,[R1, #+0]
   \   0000005A   0x6001             STR      R1,[R0, #+0]
     45          	fDeltaValue = (g_fGravityAngle - g_fCarAngle) / GRAVITY_ADJUST_TIME_CONSTANT;//卡尔曼滤波
   \   0000005C   0x....             LDR.N    R0,??DataTable3_9
   \   0000005E   0x6800             LDR      R0,[R0, #+0]
   \   00000060   0x.... 0x....      BL       __aeabi_i2f
   \   00000064   0x.... 0x....      LDR.W    R1,??DataTable3_14
   \   00000068   0x6809             LDR      R1,[R1, #+0]
   \   0000006A   0x.... 0x....      BL       __aeabi_fsub
   \   0000006E   0x.... 0x....      BL       __aeabi_f2d
   \   00000072   0x2200             MOVS     R2,#+0
   \   00000074   0xF05F 0x4380      MOVS     R3,#+1073741824
   \   00000078   0x.... 0x....      BL       __aeabi_ddiv
   \   0000007C   0x.... 0x....      BL       __aeabi_d2f
   \   00000080   0x0006             MOVS     R6,R0
     46          	g_fGyroscopeAngleIntegral += (float)(g_fGyroscopeAngleSpeed + fDeltaValue) * 0.04;	
   \   00000082   0x....             LDR.N    R0,??DataTable3_15
   \   00000084   0x6800             LDR      R0,[R0, #+0]
   \   00000086   0x.... 0x....      BL       __aeabi_f2d
   \   0000008A   0x0004             MOVS     R4,R0
   \   0000008C   0x000D             MOVS     R5,R1
   \   0000008E   0x....             LDR.N    R0,??DataTable3_13
   \   00000090   0x6800             LDR      R0,[R0, #+0]
   \   00000092   0x.... 0x....      BL       __aeabi_i2f
   \   00000096   0x0031             MOVS     R1,R6
   \   00000098   0x.... 0x....      BL       __aeabi_fadd
   \   0000009C   0x.... 0x....      BL       __aeabi_f2d
   \   000000A0   0x....             LDR.N    R2,??DataTable3_16  ;; 0x47ae147b
   \   000000A2   0x....             LDR.N    R3,??DataTable3_17  ;; 0x3fa47ae1
   \   000000A4   0x.... 0x....      BL       __aeabi_dmul
   \   000000A8   0x0022             MOVS     R2,R4
   \   000000AA   0x002B             MOVS     R3,R5
   \   000000AC   0x.... 0x....      BL       __aeabi_dadd
   \   000000B0   0x.... 0x....      BL       __aeabi_d2f
   \   000000B4   0x....             LDR.N    R1,??DataTable3_15
   \   000000B6   0x6008             STR      R0,[R1, #+0]
     47          }     
   \   000000B8   0xBD70             POP      {R4-R6,PC}       ;; return
     48          
     49          

   \                                 In section .text, align 2, keep-with-next
     50          int KalmanFilter(int ResrcData,
     51                                                  double ProcessNiose_Q,double MeasureNoise_R,double InitialPrediction)
     52          {
   \                     KalmanFilter: (+1)
   \   00000000   0xE92D 0x47F0      PUSH     {R4-R10,LR}
   \   00000004   0x4682             MOV      R10,R0
     53                  double R = MeasureNoise_R;
   \   00000006   0xE9DD 0x6708      LDRD     R6,R7,[SP, #+32]
     54                  double Q = ProcessNiose_Q;
     55          
     56                  static        double x_last;
     57          
     58                  double x_mid = x_last;
   \   0000000A   0x....             LDR.N    R0,??DataTable3_18
   \   0000000C   0xE9D0 0x8900      LDRD     R8,R9,[R0, #+0]
     59                  double x_now;
     60          
     61                  static        double p_last;
     62          
     63                  double p_mid ;
     64                  double p_now;
     65                  double kg;        
     66          
     67                  x_mid=x_last; //x_last=x(k-1|k-1),x_mid=x(k|k-1)
   \   00000010   0x....             LDR.N    R0,??DataTable3_18
   \   00000012   0xE9D0 0x4500      LDRD     R4,R5,[R0, #+0]
   \   00000016   0x46A0             MOV      R8,R4
   \   00000018   0x46A9             MOV      R9,R5
     68                  p_mid=p_last+Q; //p_mid=p(k|k-1),p_last=p(k-1|k-1),Q=噪声
   \   0000001A   0x....             LDR.N    R4,??DataTable3_19
   \   0000001C   0xE9D4 0x0100      LDRD     R0,R1,[R4, #+0]
   \   00000020   0x.... 0x....      BL       __aeabi_dadd
   \   00000024   0x0004             MOVS     R4,R0
   \   00000026   0x000D             MOVS     R5,R1
     69                  kg=p_mid/(p_mid+R); //kg为kalman filter，R为噪声
   \   00000028   0x0032             MOVS     R2,R6
   \   0000002A   0x003B             MOVS     R3,R7
   \   0000002C   0x0020             MOVS     R0,R4
   \   0000002E   0x0029             MOVS     R1,R5
   \   00000030   0x.... 0x....      BL       __aeabi_dadd
   \   00000034   0x0002             MOVS     R2,R0
   \   00000036   0x000B             MOVS     R3,R1
   \   00000038   0x0020             MOVS     R0,R4
   \   0000003A   0x0029             MOVS     R1,R5
   \   0000003C   0x.... 0x....      BL       __aeabi_ddiv
   \   00000040   0x0006             MOVS     R6,R0
   \   00000042   0x000F             MOVS     R7,R1
     70                  x_now=x_mid+kg*(ResrcData-x_mid);//估计出的最优值  相当于本次作为观测值，上次作为估计值
   \   00000044   0x4650             MOV      R0,R10
   \   00000046   0x.... 0x....      BL       __aeabi_i2d
   \   0000004A   0x4642             MOV      R2,R8
   \   0000004C   0x464B             MOV      R3,R9
   \   0000004E   0x.... 0x....      BL       __aeabi_dsub
   \   00000052   0x0002             MOVS     R2,R0
   \   00000054   0x000B             MOVS     R3,R1
   \   00000056   0x0030             MOVS     R0,R6
   \   00000058   0x0039             MOVS     R1,R7
   \   0000005A   0x.... 0x....      BL       __aeabi_dmul
   \   0000005E   0x0002             MOVS     R2,R0
   \   00000060   0x000B             MOVS     R3,R1
   \   00000062   0x4640             MOV      R0,R8
   \   00000064   0x4649             MOV      R1,R9
   \   00000066   0x.... 0x....      BL       __aeabi_dadd
   \   0000006A   0x4680             MOV      R8,R0
   \   0000006C   0x4689             MOV      R9,R1
     71                          
     72                  p_now=(1-kg)*p_mid;//最优值对应的covariance        
   \   0000006E   0x2000             MOVS     R0,#+0
   \   00000070   0x....             LDR.N    R1,??DataTable3_20  ;; 0x3ff00000
   \   00000072   0x0032             MOVS     R2,R6
   \   00000074   0x003B             MOVS     R3,R7
   \   00000076   0x.... 0x....      BL       __aeabi_dsub
   \   0000007A   0x0002             MOVS     R2,R0
   \   0000007C   0x000B             MOVS     R3,R1
   \   0000007E   0x0020             MOVS     R0,R4
   \   00000080   0x0029             MOVS     R1,R5
   \   00000082   0x.... 0x....      BL       __aeabi_dmul
     73          
     74                  p_last = p_now; //更新covariance值
   \   00000086   0x....             LDR.N    R2,??DataTable3_19
   \   00000088   0xE9C2 0x0100      STRD     R0,R1,[R2, #+0]
     75                  x_last = x_now; //更新系统状态值
   \   0000008C   0x....             LDR.N    R0,??DataTable3_18
   \   0000008E   0xE9C0 0x8900      STRD     R8,R9,[R0, #+0]
     76          
     77                  return x_now;                
   \   00000092   0x4640             MOV      R0,R8
   \   00000094   0x4649             MOV      R1,R9
   \   00000096   0x.... 0x....      BL       __aeabi_d2iz
   \   0000009A   0xE8BD 0x87F0      POP      {R4-R10,PC}      ;; return
     78          }

   \                                 In section .bss, align 8
   \                     ??x_last:
   \   00000000                      DS8 8

   \                                 In section .bss, align 8
   \                     ??p_last:
   \   00000000                      DS8 8
     79          
     80          

   \                                 In section .text, align 2, keep-with-next
     81          void Kalman_update(float angle_m,float gyro_m,float * angle,float * angle_dot)                        //gyro_m:gyro_measure
     82          {
   \                     Kalman_update: (+1)
   \   00000000   0xB5F8             PUSH     {R3-R7,LR}
   \   00000002   0x0004             MOVS     R4,R0
   \   00000004   0x000D             MOVS     R5,R1
   \   00000006   0x0016             MOVS     R6,R2
   \   00000008   0x001F             MOVS     R7,R3
     83                  *angle+=(gyro_m-q_bias) * dt;//先验估计
   \   0000000A   0x0028             MOVS     R0,R5
   \   0000000C   0x....             LDR.N    R1,??DataTable3_21
   \   0000000E   0x6809             LDR      R1,[R1, #+0]
   \   00000010   0x.... 0x....      BL       __aeabi_fsub
   \   00000014   0x....             LDR.N    R1,??DataTable3_22
   \   00000016   0x6809             LDR      R1,[R1, #+0]
   \   00000018   0x.... 0x....      BL       __aeabi_fmul
   \   0000001C   0x6831             LDR      R1,[R6, #+0]
   \   0000001E   0x.... 0x....      BL       __aeabi_fadd
   \   00000022   0x6030             STR      R0,[R6, #+0]
     84                  //angle_pre += (gyro_m-q_bias) * dt;
     85                  
     86                  Pdot[0]=Q_angle - P[0][1] - P[1][0];// Pk-' 先验估计误差协方差的微分
   \   00000024   0x....             LDR.N    R0,??DataTable3_23
   \   00000026   0x6800             LDR      R0,[R0, #+0]
   \   00000028   0x....             LDR.N    R1,??DataTable3_24
   \   0000002A   0x6849             LDR      R1,[R1, #+4]
   \   0000002C   0x.... 0x....      BL       __aeabi_fsub
   \   00000030   0x....             LDR.N    R1,??DataTable3_24
   \   00000032   0x6889             LDR      R1,[R1, #+8]
   \   00000034   0x.... 0x....      BL       __aeabi_fsub
   \   00000038   0x....             LDR.N    R1,??DataTable3_25
   \   0000003A   0x6008             STR      R0,[R1, #+0]
     87                  Pdot[1]=- P[1][1];
   \   0000003C   0x....             LDR.N    R0,??DataTable3_25
   \   0000003E   0x....             LDR.N    R1,??DataTable3_24
   \   00000040   0x68C9             LDR      R1,[R1, #+12]
   \   00000042   0xF091 0x4100      EORS     R1,R1,#0x80000000
   \   00000046   0x6041             STR      R1,[R0, #+4]
     88                  Pdot[2]=- P[1][1];
   \   00000048   0x....             LDR.N    R0,??DataTable3_25
   \   0000004A   0x....             LDR.N    R1,??DataTable3_24
   \   0000004C   0x68C9             LDR      R1,[R1, #+12]
   \   0000004E   0xF091 0x4100      EORS     R1,R1,#0x80000000
   \   00000052   0x6081             STR      R1,[R0, #+8]
     89                  Pdot[3]=Q_gyro;
   \   00000054   0x....             LDR.N    R0,??DataTable3_25
   \   00000056   0x....             LDR.N    R1,??DataTable3_26
   \   00000058   0x6809             LDR      R1,[R1, #+0]
   \   0000005A   0x60C1             STR      R1,[R0, #+12]
     90                  
     91                  P[0][0] += Pdot[0] * dt;// Pk- 先验估计误差协方差微分的积分 = 先验估计误差协方差
   \   0000005C   0x....             LDR.N    R0,??DataTable3_25
   \   0000005E   0x6801             LDR      R1,[R0, #+0]
   \   00000060   0x....             LDR.N    R0,??DataTable3_22
   \   00000062   0x6800             LDR      R0,[R0, #+0]
   \   00000064   0x.... 0x....      BL       __aeabi_fmul
   \   00000068   0x....             LDR.N    R1,??DataTable3_24
   \   0000006A   0x6809             LDR      R1,[R1, #+0]
   \   0000006C   0x.... 0x....      BL       __aeabi_fadd
   \   00000070   0x....             LDR.N    R1,??DataTable3_24
   \   00000072   0x6008             STR      R0,[R1, #+0]
     92                  P[0][1] += Pdot[1] * dt;
   \   00000074   0x....             LDR.N    R0,??DataTable3_25
   \   00000076   0x6841             LDR      R1,[R0, #+4]
   \   00000078   0x....             LDR.N    R0,??DataTable3_22
   \   0000007A   0x6800             LDR      R0,[R0, #+0]
   \   0000007C   0x.... 0x....      BL       __aeabi_fmul
   \   00000080   0x....             LDR.N    R1,??DataTable3_24
   \   00000082   0x6849             LDR      R1,[R1, #+4]
   \   00000084   0x.... 0x....      BL       __aeabi_fadd
   \   00000088   0x....             LDR.N    R1,??DataTable3_24
   \   0000008A   0x6048             STR      R0,[R1, #+4]
     93                  P[1][0] += Pdot[2] * dt;
   \   0000008C   0x....             LDR.N    R0,??DataTable3_25
   \   0000008E   0x6881             LDR      R1,[R0, #+8]
   \   00000090   0x....             LDR.N    R0,??DataTable3_22
   \   00000092   0x6800             LDR      R0,[R0, #+0]
   \   00000094   0x.... 0x....      BL       __aeabi_fmul
   \   00000098   0x....             LDR.N    R1,??DataTable3_24
   \   0000009A   0x6889             LDR      R1,[R1, #+8]
   \   0000009C   0x.... 0x....      BL       __aeabi_fadd
   \   000000A0   0x....             LDR.N    R1,??DataTable3_24
   \   000000A2   0x6088             STR      R0,[R1, #+8]
     94                  P[1][1] += Pdot[3] * dt;
   \   000000A4   0x....             LDR.N    R0,??DataTable3_25
   \   000000A6   0x68C1             LDR      R1,[R0, #+12]
   \   000000A8   0x....             LDR.N    R0,??DataTable3_22
   \   000000AA   0x6800             LDR      R0,[R0, #+0]
   \   000000AC   0x.... 0x....      BL       __aeabi_fmul
   \   000000B0   0x....             LDR.N    R1,??DataTable3_24
   \   000000B2   0x68C9             LDR      R1,[R1, #+12]
   \   000000B4   0x.... 0x....      BL       __aeabi_fadd
   \   000000B8   0x....             LDR.N    R1,??DataTable3_24
   \   000000BA   0x60C8             STR      R0,[R1, #+12]
     95                  
     96                  
     97                  angle_err = angle_m - *angle;//zk-先验估计[d
   \   000000BC   0x0020             MOVS     R0,R4
   \   000000BE   0x6831             LDR      R1,[R6, #+0]
   \   000000C0   0x.... 0x....      BL       __aeabi_fsub
   \   000000C4   0x....             LDR.N    R1,??DataTable3_27
   \   000000C6   0x6008             STR      R0,[R1, #+0]
     98                  
     99                  
    100                  PCt_0 = C_0 * P[0][0];
   \   000000C8   0x....             LDR.N    R0,??DataTable3_28
   \   000000CA   0x7800             LDRB     R0,[R0, #+0]
   \   000000CC   0x.... 0x....      BL       __aeabi_ui2f
   \   000000D0   0x....             LDR.N    R1,??DataTable3_24
   \   000000D2   0x6809             LDR      R1,[R1, #+0]
   \   000000D4   0x.... 0x....      BL       __aeabi_fmul
   \   000000D8   0x....             LDR.N    R1,??DataTable3_29
   \   000000DA   0x6008             STR      R0,[R1, #+0]
    101                  PCt_1 = C_0 * P[1][0];
   \   000000DC   0x....             LDR.N    R0,??DataTable3_28
   \   000000DE   0x7800             LDRB     R0,[R0, #+0]
   \   000000E0   0x.... 0x....      BL       __aeabi_ui2f
   \   000000E4   0x....             LDR.N    R1,??DataTable3_24
   \   000000E6   0x6889             LDR      R1,[R1, #+8]
   \   000000E8   0x.... 0x....      BL       __aeabi_fmul
   \   000000EC   0x....             LDR.N    R1,??DataTable3_30
   \   000000EE   0x6008             STR      R0,[R1, #+0]
    102                  
    103                  E = R_angle + C_0 * PCt_0;
   \   000000F0   0x....             LDR.N    R0,??DataTable3_28
   \   000000F2   0x7800             LDRB     R0,[R0, #+0]
   \   000000F4   0x.... 0x....      BL       __aeabi_ui2f
   \   000000F8   0x....             LDR.N    R1,??DataTable3_29
   \   000000FA   0x6809             LDR      R1,[R1, #+0]
   \   000000FC   0x.... 0x....      BL       __aeabi_fmul
   \   00000100   0x....             LDR.N    R1,??DataTable3_31
   \   00000102   0x6809             LDR      R1,[R1, #+0]
   \   00000104   0x.... 0x....      BL       __aeabi_fadd
   \   00000108   0x....             LDR.N    R1,??DataTable3_32
   \   0000010A   0x6008             STR      R0,[R1, #+0]
    104                  
    105                  K_0 = PCt_0 / E;//Kk
   \   0000010C   0x....             LDR.N    R0,??DataTable3_29
   \   0000010E   0x6800             LDR      R0,[R0, #+0]
   \   00000110   0x....             LDR.N    R1,??DataTable3_32
   \   00000112   0x6809             LDR      R1,[R1, #+0]
   \   00000114   0x.... 0x....      BL       __aeabi_fdiv
   \   00000118   0x....             LDR.N    R1,??DataTable3_33
   \   0000011A   0x6008             STR      R0,[R1, #+0]
    106                  K_1 = PCt_1 / E;
   \   0000011C   0x....             LDR.N    R0,??DataTable3_30
   \   0000011E   0x6800             LDR      R0,[R0, #+0]
   \   00000120   0x....             LDR.N    R1,??DataTable3_32
   \   00000122   0x6809             LDR      R1,[R1, #+0]
   \   00000124   0x.... 0x....      BL       __aeabi_fdiv
   \   00000128   0x....             LDR.N    R1,??DataTable3_34
   \   0000012A   0x6008             STR      R0,[R1, #+0]
    107          
    108                  k1_obs = PCt_0 / E;
   \   0000012C   0x....             LDR.N    R0,??DataTable3_29
   \   0000012E   0x6800             LDR      R0,[R0, #+0]
   \   00000130   0x....             LDR.N    R1,??DataTable3_32
   \   00000132   0x6809             LDR      R1,[R1, #+0]
   \   00000134   0x.... 0x....      BL       __aeabi_fdiv
   \   00000138   0x....             LDR.N    R1,??DataTable3_35
   \   0000013A   0x6008             STR      R0,[R1, #+0]
    109                  k2_obs = PCt_1 / E;
   \   0000013C   0x....             LDR.N    R0,??DataTable3_30
   \   0000013E   0x6800             LDR      R0,[R0, #+0]
   \   00000140   0x....             LDR.N    R1,??DataTable3_32
   \   00000142   0x6809             LDR      R1,[R1, #+0]
   \   00000144   0x.... 0x....      BL       __aeabi_fdiv
   \   00000148   0x....             LDR.N    R1,??DataTable3_36
   \   0000014A   0x6008             STR      R0,[R1, #+0]
    110                          
    111                  t_0 = PCt_0;
   \   0000014C   0x....             LDR.N    R0,??DataTable3_37
   \   0000014E   0x....             LDR.N    R1,??DataTable3_29
   \   00000150   0x6809             LDR      R1,[R1, #+0]
   \   00000152   0x6001             STR      R1,[R0, #+0]
    112                  t_1 = C_0 * P[0][1];
   \   00000154   0x....             LDR.N    R0,??DataTable3_28
   \   00000156   0x7800             LDRB     R0,[R0, #+0]
   \   00000158   0x.... 0x....      BL       __aeabi_ui2f
   \   0000015C   0x....             LDR.N    R1,??DataTable3_24
   \   0000015E   0x6849             LDR      R1,[R1, #+4]
   \   00000160   0x.... 0x....      BL       __aeabi_fmul
   \   00000164   0x....             LDR.N    R1,??DataTable3_38
   \   00000166   0x6008             STR      R0,[R1, #+0]
    113          
    114                  P[0][0] -= K_0 * t_0;//后验估计误差协方差
   \   00000168   0x....             LDR.N    R0,??DataTable3_33
   \   0000016A   0x6801             LDR      R1,[R0, #+0]
   \   0000016C   0x....             LDR.N    R0,??DataTable3_37
   \   0000016E   0x6800             LDR      R0,[R0, #+0]
   \   00000170   0x.... 0x....      BL       __aeabi_fmul
   \   00000174   0x0001             MOVS     R1,R0
   \   00000176   0x....             LDR.N    R0,??DataTable3_24
   \   00000178   0x6800             LDR      R0,[R0, #+0]
   \   0000017A   0x.... 0x....      BL       __aeabi_fsub
   \   0000017E   0x....             LDR.N    R1,??DataTable3_24
   \   00000180   0x6008             STR      R0,[R1, #+0]
    115                  P[0][1] -= K_0 * t_1;
   \   00000182   0x....             LDR.N    R0,??DataTable3_33
   \   00000184   0x6801             LDR      R1,[R0, #+0]
   \   00000186   0x....             LDR.N    R0,??DataTable3_38
   \   00000188   0x6800             LDR      R0,[R0, #+0]
   \   0000018A   0x.... 0x....      BL       __aeabi_fmul
   \   0000018E   0x0001             MOVS     R1,R0
   \   00000190   0x....             LDR.N    R0,??DataTable3_24
   \   00000192   0x6840             LDR      R0,[R0, #+4]
   \   00000194   0x.... 0x....      BL       __aeabi_fsub
   \   00000198   0x....             LDR.N    R1,??DataTable3_24
   \   0000019A   0x6048             STR      R0,[R1, #+4]
    116                  P[1][0] -= K_1 * t_0;
   \   0000019C   0x....             LDR.N    R0,??DataTable3_34
   \   0000019E   0x6801             LDR      R1,[R0, #+0]
   \   000001A0   0x....             LDR.N    R0,??DataTable3_37
   \   000001A2   0x6800             LDR      R0,[R0, #+0]
   \   000001A4   0x.... 0x....      BL       __aeabi_fmul
   \   000001A8   0x0001             MOVS     R1,R0
   \   000001AA   0x....             LDR.N    R0,??DataTable3_24
   \   000001AC   0x6880             LDR      R0,[R0, #+8]
   \   000001AE   0x.... 0x....      BL       __aeabi_fsub
   \   000001B2   0x....             LDR.N    R1,??DataTable3_24
   \   000001B4   0x6088             STR      R0,[R1, #+8]
    117                  P[1][1] -= K_1 * t_1;
   \   000001B6   0x....             LDR.N    R0,??DataTable3_34
   \   000001B8   0x6801             LDR      R1,[R0, #+0]
   \   000001BA   0x....             LDR.N    R0,??DataTable3_38
   \   000001BC   0x6800             LDR      R0,[R0, #+0]
   \   000001BE   0x.... 0x....      BL       __aeabi_fmul
   \   000001C2   0x0001             MOVS     R1,R0
   \   000001C4   0x....             LDR.N    R0,??DataTable3_24
   \   000001C6   0x68C0             LDR      R0,[R0, #+12]
   \   000001C8   0x.... 0x....      BL       __aeabi_fsub
   \   000001CC   0x....             LDR.N    R1,??DataTable3_24
   \   000001CE   0x60C8             STR      R0,[R1, #+12]
    118                  
    119                  
    120                  *angle        += K_0 * angle_err;//后验估计
   \   000001D0   0x....             LDR.N    R0,??DataTable3_33
   \   000001D2   0x6801             LDR      R1,[R0, #+0]
   \   000001D4   0x....             LDR.N    R0,??DataTable3_27
   \   000001D6   0x6800             LDR      R0,[R0, #+0]
   \   000001D8   0x.... 0x....      BL       __aeabi_fmul
   \   000001DC   0x6831             LDR      R1,[R6, #+0]
   \   000001DE   0x.... 0x....      BL       __aeabi_fadd
   \   000001E2   0x6030             STR      R0,[R6, #+0]
    121                  q_bias        += K_1 * angle_err;//后验估计
   \   000001E4   0x....             LDR.N    R0,??DataTable3_34
   \   000001E6   0x6801             LDR      R1,[R0, #+0]
   \   000001E8   0x....             LDR.N    R0,??DataTable3_27
   \   000001EA   0x6800             LDR      R0,[R0, #+0]
   \   000001EC   0x.... 0x....      BL       __aeabi_fmul
   \   000001F0   0x....             LDR.N    R1,??DataTable3_21
   \   000001F2   0x6809             LDR      R1,[R1, #+0]
   \   000001F4   0x.... 0x....      BL       __aeabi_fadd
   \   000001F8   0x....             LDR.N    R1,??DataTable3_21
   \   000001FA   0x6008             STR      R0,[R1, #+0]
    122                  *angle_dot = gyro_m-q_bias;//输出值（后验估计）的微分 = 角速度
   \   000001FC   0x0028             MOVS     R0,R5
   \   000001FE   0x....             LDR.N    R1,??DataTable3_21
   \   00000200   0x6809             LDR      R1,[R1, #+0]
   \   00000202   0x.... 0x....      BL       __aeabi_fsub
   \   00000206   0x6038             STR      R0,[R7, #+0]
    123                  
    124          
    125          }
   \   00000208   0xBDF1             POP      {R0,R4-R7,PC}    ;; return

   \                                 In section .text, align 4, keep-with-next
   \                     ??DataTable3:
   \   00000000   0x43340000         DC32     0x43340000

   \                                 In section .text, align 4, keep-with-next
   \                     ??DataTable3_1:
   \   00000000   0x46FFFE00         DC32     0x46fffe00

   \                                 In section .text, align 4, keep-with-next
   \                     ??DataTable3_2:
   \   00000000   0x........         DC32     angle_phy

   \                                 In section .text, align 4, keep-with-next
   \                     ??DataTable3_3:
   \   00000000   0x44FA0000         DC32     0x44fa0000

   \                                 In section .text, align 4, keep-with-next
   \                     ??DataTable3_4:
   \   00000000   0x477FFF00         DC32     0x477fff00

   \                                 In section .text, align 4, keep-with-next
   \                     ??DataTable3_5:
   \   00000000   0x........         DC32     dangle_phy

   \                                 In section .text, align 4, keep-with-next
   \                     ??DataTable3_6:
   \   00000000   0x........         DC32     ii

   \                                 In section .text, align 4, keep-with-next
   \                     ??DataTable3_7:
   \   00000000   0x........         DC32     CV_ACCE_OFFSET

   \                                 In section .text, align 4, keep-with-next
   \                     ??DataTable3_8:
   \   00000000   0x........         DC32     Accelerometer

   \                                 In section .text, align 4, keep-with-next
   \                     ??DataTable3_9:
   \   00000000   0x........         DC32     g_fGravityAngle

   \                                 In section .text, align 4, keep-with-next
   \                     ??DataTable3_10:
   \   00000000   0x........         DC32     CV_GYRO_ZERO

   \                                 In section .text, align 4, keep-with-next
   \                     ??DataTable3_11:
   \   00000000   0x........         DC32     Gyro_Balance

   \                                 In section .text, align 4, keep-with-next
   \                     ??DataTable3_12:
   \   00000000   0x3FF66666         DC32     0x3ff66666

   \                                 In section .text, align 4, keep-with-next
   \                     ??DataTable3_13:
   \   00000000   0x........         DC32     g_fGyroscopeAngleSpeed

   \                                 In section .text, align 4, keep-with-next
   \                     ??DataTable3_14:
   \   00000000   0x........         DC32     g_fCarAngle

   \                                 In section .text, align 4, keep-with-next
   \                     ??DataTable3_15:
   \   00000000   0x........         DC32     g_fGyroscopeAngleIntegral

   \                                 In section .text, align 4, keep-with-next
   \                     ??DataTable3_16:
   \   00000000   0x47AE147B         DC32     0x47ae147b

   \                                 In section .text, align 4, keep-with-next
   \                     ??DataTable3_17:
   \   00000000   0x3FA47AE1         DC32     0x3fa47ae1

   \                                 In section .text, align 4, keep-with-next
   \                     ??DataTable3_18:
   \   00000000   0x........         DC32     ??x_last

   \                                 In section .text, align 4, keep-with-next
   \                     ??DataTable3_19:
   \   00000000   0x........         DC32     ??p_last

   \                                 In section .text, align 4, keep-with-next
   \                     ??DataTable3_20:
   \   00000000   0x3FF00000         DC32     0x3ff00000

   \                                 In section .text, align 4, keep-with-next
   \                     ??DataTable3_21:
   \   00000000   0x........         DC32     q_bias

   \                                 In section .text, align 4, keep-with-next
   \                     ??DataTable3_22:
   \   00000000   0x........         DC32     dt

   \                                 In section .text, align 4, keep-with-next
   \                     ??DataTable3_23:
   \   00000000   0x........         DC32     Q_angle

   \                                 In section .text, align 4, keep-with-next
   \                     ??DataTable3_24:
   \   00000000   0x........         DC32     P

   \                                 In section .text, align 4, keep-with-next
   \                     ??DataTable3_25:
   \   00000000   0x........         DC32     Pdot

   \                                 In section .text, align 4, keep-with-next
   \                     ??DataTable3_26:
   \   00000000   0x........         DC32     Q_gyro

   \                                 In section .text, align 4, keep-with-next
   \                     ??DataTable3_27:
   \   00000000   0x........         DC32     angle_err

   \                                 In section .text, align 4, keep-with-next
   \                     ??DataTable3_28:
   \   00000000   0x........         DC32     C_0

   \                                 In section .text, align 4, keep-with-next
   \                     ??DataTable3_29:
   \   00000000   0x........         DC32     PCt_0

   \                                 In section .text, align 4, keep-with-next
   \                     ??DataTable3_30:
   \   00000000   0x........         DC32     PCt_1

   \                                 In section .text, align 4, keep-with-next
   \                     ??DataTable3_31:
   \   00000000   0x........         DC32     R_angle

   \                                 In section .text, align 4, keep-with-next
   \                     ??DataTable3_32:
   \   00000000   0x........         DC32     E

   \                                 In section .text, align 4, keep-with-next
   \                     ??DataTable3_33:
   \   00000000   0x........         DC32     K_0

   \                                 In section .text, align 4, keep-with-next
   \                     ??DataTable3_34:
   \   00000000   0x........         DC32     K_1

   \                                 In section .text, align 4, keep-with-next
   \                     ??DataTable3_35:
   \   00000000   0x........         DC32     k1_obs

   \                                 In section .text, align 4, keep-with-next
   \                     ??DataTable3_36:
   \   00000000   0x........         DC32     k2_obs

   \                                 In section .text, align 4, keep-with-next
   \                     ??DataTable3_37:
   \   00000000   0x........         DC32     t_0

   \                                 In section .text, align 4, keep-with-next
   \                     ??DataTable3_38:
   \   00000000   0x........         DC32     t_1
    126          

   Maximum stack usage in bytes:

   .cstack Function
   ------- --------
      16   AngleCalculate
        16   -> __aeabi_d2f
        16   -> __aeabi_d2iz
        16   -> __aeabi_dadd
        16   -> __aeabi_ddiv
        16   -> __aeabi_dmul
        16   -> __aeabi_f2d
        16   -> __aeabi_fadd
        16   -> __aeabi_fsub
        16   -> __aeabi_i2d
        16   -> __aeabi_i2f
       8   Get_GA
         8   -> __aeabi_fdiv
         8   -> __aeabi_fmul
      32   KalmanFilter
        32   -> __aeabi_d2iz
        32   -> __aeabi_dadd
        32   -> __aeabi_ddiv
        32   -> __aeabi_dmul
        32   -> __aeabi_dsub
        32   -> __aeabi_i2d
      24   Kalman_update
        24   -> __aeabi_fadd
        24   -> __aeabi_fdiv
        24   -> __aeabi_fmul
        24   -> __aeabi_fsub
        24   -> __aeabi_ui2f


   Section sizes:

   Bytes  Function/Label
   -----  --------------
       4  ??DataTable3
       4  ??DataTable3_1
       4  ??DataTable3_10
       4  ??DataTable3_11
       4  ??DataTable3_12
       4  ??DataTable3_13
       4  ??DataTable3_14
       4  ??DataTable3_15
       4  ??DataTable3_16
       4  ??DataTable3_17
       4  ??DataTable3_18
       4  ??DataTable3_19
       4  ??DataTable3_2
       4  ??DataTable3_20
       4  ??DataTable3_21
       4  ??DataTable3_22
       4  ??DataTable3_23
       4  ??DataTable3_24
       4  ??DataTable3_25
       4  ??DataTable3_26
       4  ??DataTable3_27
       4  ??DataTable3_28
       4  ??DataTable3_29
       4  ??DataTable3_3
       4  ??DataTable3_30
       4  ??DataTable3_31
       4  ??DataTable3_32
       4  ??DataTable3_33
       4  ??DataTable3_34
       4  ??DataTable3_35
       4  ??DataTable3_36
       4  ??DataTable3_37
       4  ??DataTable3_38
       4  ??DataTable3_4
       4  ??DataTable3_5
       4  ??DataTable3_6
       4  ??DataTable3_7
       4  ??DataTable3_8
       4  ??DataTable3_9
     186  AngleCalculate
       1  C_0
       4  E
      52  Get_GA
       4  K_0
       4  K_1
     158  KalmanFilter
     522  Kalman_update
      16  P
       4  PCt_0
       4  PCt_1
      16  Pdot
       4  Q_angle
       4  Q_gyro
       4  R_angle
       4  angle_err
       4  dt
       8  p_last
       4  q_bias
       4  t_0
       4  t_1
       8  x_last

 
    68 bytes in section .bss
    32 bytes in section .data
     1 byte  in section .rodata
 1 074 bytes in section .text
 
 1 074 bytes of CODE  memory
     1 byte  of CONST memory
   100 bytes of DATA  memory

Errors: none
Warnings: 2
