###############################################################################
#                                                                             #
# IAR ANSI C/C++ Compiler V6.70.2.6274/W32 for ARM      16/Mar/2015  15:47:53 #
# Copyright 1999-2013 IAR Systems AB.                                         #
#                                                                             #
#    Cpu mode     =  thumb                                                    #
#    Endian       =  little                                                   #
#    Source file  =  C:\Users\ChenBuyun\Desktop\CBY_K60\project\(DMA PDB      #
#                    ADC)LPLD_DmaPdbADCx4\app\init.c                          #
#    Command line =  "C:\Users\ChenBuyun\Desktop\CBY_K60\project\(DMA PDB     #
#                    ADC)LPLD_DmaPdbADCx4\app\init.c" -D LPLD_K60 -lCN        #
#                    "C:\Users\ChenBuyun\Desktop\CBY_K60\project\(DMA PDB     #
#                    ADC)LPLD_DmaPdbADCx4\iar\RAM\List\" -lB                  #
#                    "C:\Users\ChenBuyun\Desktop\CBY_K60\project\(DMA PDB     #
#                    ADC)LPLD_DmaPdbADCx4\iar\RAM\List\" -o                   #
#                    "C:\Users\ChenBuyun\Desktop\CBY_K60\project\(DMA PDB     #
#                    ADC)LPLD_DmaPdbADCx4\iar\RAM\Obj\" --no_cse --no_unroll  #
#                    --no_inline --no_code_motion --no_tbaa --no_clustering   #
#                    --no_scheduling --debug --endian=little --cpu=Cortex-M4  #
#                    -e --fpu=None --dlib_config "E:\iar                      #
#                    systems\arm\INC\c\DLib_Config_Normal.h" -I               #
#                    "C:\Users\ChenBuyun\Desktop\CBY_K60\project\(DMA PDB     #
#                    ADC)LPLD_DmaPdbADCx4\iar\..\app\" -I                     #
#                    "C:\Users\ChenBuyun\Desktop\CBY_K60\project\(DMA PDB     #
#                    ADC)LPLD_DmaPdbADCx4\iar\..\..\..\lib\CPU\" -I           #
#                    "C:\Users\ChenBuyun\Desktop\CBY_K60\project\(DMA PDB     #
#                    ADC)LPLD_DmaPdbADCx4\iar\..\..\..\lib\common\" -I        #
#                    "C:\Users\ChenBuyun\Desktop\CBY_K60\project\(DMA PDB     #
#                    ADC)LPLD_DmaPdbADCx4\iar\..\..\..\lib\LPLD\" -I          #
#                    "C:\Users\ChenBuyun\Desktop\CBY_K60\project\(DMA PDB     #
#                    ADC)LPLD_DmaPdbADCx4\iar\..\..\..\lib\LPLD\HW\" -I       #
#                    "C:\Users\ChenBuyun\Desktop\CBY_K60\project\(DMA PDB     #
#                    ADC)LPLD_DmaPdbADCx4\iar\..\..\..\lib\LPLD\DEV\" -I      #
#                    "C:\Users\ChenBuyun\Desktop\CBY_K60\project\(DMA PDB     #
#                    ADC)LPLD_DmaPdbADCx4\iar\..\..\..\lib\uCOS-II\Ports\"    #
#                    -I "C:\Users\ChenBuyun\Desktop\CBY_K60\project\(DMA PDB  #
#                    ADC)LPLD_DmaPdbADCx4\iar\..\..\..\lib\uCOS-II\Source\"   #
#                    -I "C:\Users\ChenBuyun\Desktop\CBY_K60\project\(DMA PDB  #
#                    ADC)LPLD_DmaPdbADCx4\iar\..\..\..\lib\FatFs\" -I         #
#                    "C:\Users\ChenBuyun\Desktop\CBY_K60\project\(DMA PDB     #
#                    ADC)LPLD_DmaPdbADCx4\iar\..\..\..\lib\FatFs\option\" -I  #
#                    "C:\Users\ChenBuyun\Desktop\CBY_K60\project\(DMA PDB     #
#                    ADC)LPLD_DmaPdbADCx4\iar\..\..\..\lib\USB\common\" -I    #
#                    "C:\Users\ChenBuyun\Desktop\CBY_K60\project\(DMA PDB     #
#                    ADC)LPLD_DmaPdbADCx4\iar\..\..\..\lib\USB\driver\" -I    #
#                    "C:\Users\ChenBuyun\Desktop\CBY_K60\project\(DMA PDB     #
#                    ADC)LPLD_DmaPdbADCx4\iar\..\..\..\lib\USB\descriptor\"   #
#                    -I "C:\Users\ChenBuyun\Desktop\CBY_K60\project\(DMA PDB  #
#                    ADC)LPLD_DmaPdbADCx4\iar\..\..\..\lib\USB\class\" -Ol    #
#                    -I "E:\iar systems\arm\CMSIS\Include\" -D ARM_MATH_CM4   #
#    List file    =  C:\Users\ChenBuyun\Desktop\CBY_K60\project\(DMA PDB      #
#                    ADC)LPLD_DmaPdbADCx4\iar\RAM\List\init.lst               #
#    Object file  =  C:\Users\ChenBuyun\Desktop\CBY_K60\project\(DMA PDB      #
#                    ADC)LPLD_DmaPdbADCx4\iar\RAM\Obj\init.o                  #
#                                                                             #
#                                                                             #
###############################################################################

C:\Users\ChenBuyun\Desktop\CBY_K60\project\(DMA PDB ADC)LPLD_DmaPdbADCx4\app\init.c
      1           #include "common.h"
      2          


 

 


Errors: none
Warnings: none
