###############################################################################
#                                                                             #
# IAR ANSI C/C++ Compiler V6.70.2.6274/W32 for ARM      16/Mar/2015  15:47:54 #
# Copyright 1999-2013 IAR Systems AB.                                         #
#                                                                             #
#    Cpu mode     =  thumb                                                    #
#    Endian       =  little                                                   #
#    Source file  =  C:\Users\ChenBuyun\Desktop\CBY_K60\lib\common\printf.c   #
#    Command line =  C:\Users\ChenBuyun\Desktop\CBY_K60\lib\common\printf.c   #
#                    -D LPLD_K60 -lCN "C:\Users\ChenBuyun\Desktop\CBY_K60\pro #
#                    ject\(DMA PDB ADC)LPLD_DmaPdbADCx4\iar\RAM\List\" -lB    #
#                    "C:\Users\ChenBuyun\Desktop\CBY_K60\project\(DMA PDB     #
#                    ADC)LPLD_DmaPdbADCx4\iar\RAM\List\" -o                   #
#                    "C:\Users\ChenBuyun\Desktop\CBY_K60\project\(DMA PDB     #
#                    ADC)LPLD_DmaPdbADCx4\iar\RAM\Obj\" --no_cse --no_unroll  #
#                    --no_inline --no_code_motion --no_tbaa --no_clustering   #
#                    --no_scheduling --debug --endian=little --cpu=Cortex-M4  #
#                    -e --fpu=None --dlib_config "E:\iar                      #
#                    systems\arm\INC\c\DLib_Config_Normal.h" -I               #
#                    "C:\Users\ChenBuyun\Desktop\CBY_K60\project\(DMA PDB     #
#                    ADC)LPLD_DmaPdbADCx4\iar\..\app\" -I                     #
#                    "C:\Users\ChenBuyun\Desktop\CBY_K60\project\(DMA PDB     #
#                    ADC)LPLD_DmaPdbADCx4\iar\..\..\..\lib\CPU\" -I           #
#                    "C:\Users\ChenBuyun\Desktop\CBY_K60\project\(DMA PDB     #
#                    ADC)LPLD_DmaPdbADCx4\iar\..\..\..\lib\common\" -I        #
#                    "C:\Users\ChenBuyun\Desktop\CBY_K60\project\(DMA PDB     #
#                    ADC)LPLD_DmaPdbADCx4\iar\..\..\..\lib\LPLD\" -I          #
#                    "C:\Users\ChenBuyun\Desktop\CBY_K60\project\(DMA PDB     #
#                    ADC)LPLD_DmaPdbADCx4\iar\..\..\..\lib\LPLD\HW\" -I       #
#                    "C:\Users\ChenBuyun\Desktop\CBY_K60\project\(DMA PDB     #
#                    ADC)LPLD_DmaPdbADCx4\iar\..\..\..\lib\LPLD\DEV\" -I      #
#                    "C:\Users\ChenBuyun\Desktop\CBY_K60\project\(DMA PDB     #
#                    ADC)LPLD_DmaPdbADCx4\iar\..\..\..\lib\uCOS-II\Ports\"    #
#                    -I "C:\Users\ChenBuyun\Desktop\CBY_K60\project\(DMA PDB  #
#                    ADC)LPLD_DmaPdbADCx4\iar\..\..\..\lib\uCOS-II\Source\"   #
#                    -I "C:\Users\ChenBuyun\Desktop\CBY_K60\project\(DMA PDB  #
#                    ADC)LPLD_DmaPdbADCx4\iar\..\..\..\lib\FatFs\" -I         #
#                    "C:\Users\ChenBuyun\Desktop\CBY_K60\project\(DMA PDB     #
#                    ADC)LPLD_DmaPdbADCx4\iar\..\..\..\lib\FatFs\option\" -I  #
#                    "C:\Users\ChenBuyun\Desktop\CBY_K60\project\(DMA PDB     #
#                    ADC)LPLD_DmaPdbADCx4\iar\..\..\..\lib\USB\common\" -I    #
#                    "C:\Users\ChenBuyun\Desktop\CBY_K60\project\(DMA PDB     #
#                    ADC)LPLD_DmaPdbADCx4\iar\..\..\..\lib\USB\driver\" -I    #
#                    "C:\Users\ChenBuyun\Desktop\CBY_K60\project\(DMA PDB     #
#                    ADC)LPLD_DmaPdbADCx4\iar\..\..\..\lib\USB\descriptor\"   #
#                    -I "C:\Users\ChenBuyun\Desktop\CBY_K60\project\(DMA PDB  #
#                    ADC)LPLD_DmaPdbADCx4\iar\..\..\..\lib\USB\class\" -Ol    #
#                    -I "E:\iar systems\arm\CMSIS\Include\" -D ARM_MATH_CM4   #
#    List file    =  C:\Users\ChenBuyun\Desktop\CBY_K60\project\(DMA PDB      #
#                    ADC)LPLD_DmaPdbADCx4\iar\RAM\List\printf.lst             #
#    Object file  =  C:\Users\ChenBuyun\Desktop\CBY_K60\project\(DMA PDB      #
#                    ADC)LPLD_DmaPdbADCx4\iar\RAM\Obj\printf.o                #
#                                                                             #
#                                                                             #
###############################################################################

C:\Users\ChenBuyun\Desktop\CBY_K60\lib\common\printf.c
      1          /**
      2           * @file printf.c
      3           * @version 3.0[By LPLD]
      4           * @date 2013-06-18
      5           * @brief C库标准printf()函数
      6           *
      7           * 更改建议:不建议修改
      8           *
      9           * 版权所有:北京拉普兰德电子技术有限公司
     10           * http://www.lpld.cn
     11           * mail:support@lpld.cn
     12           *
     13           * @par
     14           * 本代码由拉普兰德[LPLD]开发并维护，并向所有使用者开放源代码。
     15           * 开发者可以随意修使用或改源代码。但本段及以上注释应予以保留。
     16           * 不得更改或删除原版权所有者姓名，二次开发者可以加注二次版权所有者。
     17           * 但应在遵守此协议的基础上，开放源代码、不得出售代码本身。
     18           * 拉普兰德不负责由于使用本代码所带来的任何事故、法律责任或相关不良影响。
     19           * 拉普兰德无义务解释、说明本代码的具体原理、功能、实现方法。
     20           * 除非拉普兰德[LPLD]授权，开发者不得将本代码用于商业产品。
     21           */
     22          
     23          #include "common.h"
     24          #include <stdarg.h>
     25          
     26          /********************************************************************/
     27          
     28          typedef struct
     29          {
     30              int32 dest;
     31              void (*func)(int8);
     32              int8 *loc;
     33          } PRINTK_INFO;
     34          
     35          int32 
     36          printk (PRINTK_INFO *, const int8 *, va_list);
     37          
     38          /********************************************************************/
     39          
     40          #define DEST_CONSOLE    (1)
     41          #define DEST_STRING     (2)
     42          
     43          #define FLAGS_MINUS     (0x01)
     44          #define FLAGS_PLUS      (0x02)
     45          #define FLAGS_SPACE     (0x04)
     46          #define FLAGS_ZERO      (0x08)
     47          #define FLAGS_POUND     (0x10)
     48          
     49          #define IS_FLAG_MINUS(a)    (a & FLAGS_MINUS)
     50          #define IS_FLAG_PLUS(a)     (a & FLAGS_PLUS)
     51          #define IS_FLAG_SPACE(a)    (a & FLAGS_SPACE)
     52          #define IS_FLAG_ZERO(a)     (a & FLAGS_ZERO)
     53          #define IS_FLAG_POUND(a)    (a & FLAGS_POUND)
     54          
     55          #define LENMOD_h        (0x01)
     56          #define LENMOD_l        (0x02)
     57          #define LENMOD_L        (0x04)
     58          
     59          #define IS_LENMOD_h(a)  (a & LENMOD_h)
     60          #define IS_LENMOD_l(a)  (a & LENMOD_l)
     61          #define IS_LENMOD_L(a)  (a & LENMOD_L)
     62          
     63          #define FMT_d   (0x0001)
     64          #define FMT_o   (0x0002)
     65          #define FMT_x   (0x0004)
     66          #define FMT_X   (0x0008)
     67          #define FMT_u   (0x0010)
     68          #define FMT_c   (0x0020)
     69          #define FMT_s   (0x0040)
     70          #define FMT_p   (0x0080)
     71          #define FMT_n   (0x0100)
     72          
     73          #define IS_FMT_d(a)     (a & FMT_d)
     74          #define IS_FMT_o(a)     (a & FMT_o)
     75          #define IS_FMT_x(a)     (a & FMT_x)
     76          #define IS_FMT_X(a)     (a & FMT_X)
     77          #define IS_FMT_u(a)     (a & FMT_u)
     78          #define IS_FMT_c(a)     (a & FMT_c)
     79          #define IS_FMT_s(a)     (a & FMT_s)
     80          #define IS_FMT_p(a)     (a & FMT_p)
     81          #define IS_FMT_n(a)     (a & FMT_n)
     82          
     83          /********************************************************************/

   \                                 In section .text, align 2, keep-with-next
     84          static void printk_putc (int32 c, int32 *count, PRINTK_INFO *info)
     85          {
   \                     printk_putc: (+1)
   \   00000000   0xB510             PUSH     {R4,LR}
   \   00000002   0x000C             MOVS     R4,R1
     86              switch (info->dest)
   \   00000004   0x6811             LDR      R1,[R2, #+0]
   \   00000006   0x2901             CMP      R1,#+1
   \   00000008   0xD002             BEQ.N    ??printk_putc_0
   \   0000000A   0x2902             CMP      R1,#+2
   \   0000000C   0xD004             BEQ.N    ??printk_putc_1
   \   0000000E   0xE009             B.N      ??printk_putc_2
     87              {
     88                  case DEST_CONSOLE:
     89                      info->func((int8)c);
   \                     ??printk_putc_0: (+1)
   \   00000010   0xB240             SXTB     R0,R0            ;; SignExt  R0,R0,#+24,#+24
   \   00000012   0x6851             LDR      R1,[R2, #+4]
   \   00000014   0x4788             BLX      R1
     90                      break;
   \   00000016   0xE005             B.N      ??printk_putc_3
     91                  case DEST_STRING:
     92                      *(info->loc) = (uint8)c;
   \                     ??printk_putc_1: (+1)
   \   00000018   0x6891             LDR      R1,[R2, #+8]
   \   0000001A   0x7008             STRB     R0,[R1, #+0]
     93                      ++(info->loc);
   \   0000001C   0x6890             LDR      R0,[R2, #+8]
   \   0000001E   0x1C40             ADDS     R0,R0,#+1
   \   00000020   0x6090             STR      R0,[R2, #+8]
     94                      break;
   \   00000022   0xE7FF             B.N      ??printk_putc_3
     95                  default:
     96                      break;
     97              }
     98              *count += 1;
   \                     ??printk_putc_2: (+1)
   \                     ??printk_putc_3: (+1)
   \   00000024   0x6820             LDR      R0,[R4, #+0]
   \   00000026   0x1C40             ADDS     R0,R0,#+1
   \   00000028   0x6020             STR      R0,[R4, #+0]
     99          }
   \   0000002A   0xBD10             POP      {R4,PC}          ;; return
    100          
    101          /********************************************************************/

   \                                 In section .text, align 2, keep-with-next
    102          static int32 printk_mknumstr (int8 *numstr, void *nump, int32 neg, int32 radix)
    103          {
   \                     printk_mknumstr: (+1)
   \   00000000   0xB430             PUSH     {R4,R5}
   \   00000002   0x001C             MOVS     R4,R3
    104              int32 a,b,c;
    105              uint32 ua,ub,uc;
    106          
    107              int32 nlen;
    108              int8 *nstrp;
    109          
    110              nlen = 0;
   \   00000004   0x2300             MOVS     R3,#+0
    111              nstrp = numstr;
    112              *nstrp++ = '\0';
   \   00000006   0x2500             MOVS     R5,#+0
   \   00000008   0x7005             STRB     R5,[R0, #+0]
   \   0000000A   0x1C40             ADDS     R0,R0,#+1
    113          
    114              if (neg)
   \   0000000C   0x2A00             CMP      R2,#+0
   \   0000000E   0xD019             BEQ.N    ??printk_mknumstr_0
    115              {
    116                  a = *(int32 *)nump;
   \   00000010   0x6809             LDR      R1,[R1, #+0]
    117                  if (a == 0)
   \   00000012   0x2900             CMP      R1,#+0
   \   00000014   0xD10A             BNE.N    ??printk_mknumstr_1
    118                  {
    119                      *nstrp = '0';
   \   00000016   0x2130             MOVS     R1,#+48
   \   00000018   0x7001             STRB     R1,[R0, #+0]
    120                      ++nlen;
   \   0000001A   0x1C5B             ADDS     R3,R3,#+1
    121                      goto done;
    122                  }
    123                  while (a != 0)
    124                  {
    125                      b = (int32)a / (int32)radix;
    126                      c = (int32)a - ((int32)b * (int32)radix);
    127                      if (c < 0)
    128                      {
    129                          c = ~c + 1 + '0';
    130                      }
    131                      else
    132                      {
    133                          c = c + '0';
    134                      }
    135                      a = b;
    136                      *nstrp++ = (int8)c;
    137                      ++nlen;
    138                  }
    139              }
    140              else
    141              {
    142                  ua = *(uint32 *)nump;
    143                  if (ua == 0)
    144                  {
    145                      *nstrp = '0';
    146                      ++nlen;
    147                      goto done;
    148                  }
    149                  while (ua != 0)
    150                  {
    151                      ub = (uint32)ua / (uint32)radix;
    152                      uc = (uint32)ua - ((uint32)ub * (uint32)radix);
    153                      if (uc < 10)
    154                      {
    155                          uc = uc + '0';
    156                      }
    157                      else
    158                      {
    159                          uc = uc - 10 + 'A';
    160                      }
    161                      ua = ub;
    162                      *nstrp++ = (int8)uc;
    163                      ++nlen;
    164                  }
    165              }
    166              done:
    167              return nlen;
   \                     ??printk_mknumstr_2: (+1)
   \   0000001C   0x0018             MOVS     R0,R3
   \   0000001E   0xBC30             POP      {R4,R5}
   \   00000020   0x4770             BX       LR               ;; return
   \                     ??printk_mknumstr_3: (+1)
   \   00000022   0x3530             ADDS     R5,R5,#+48
   \                     ??printk_mknumstr_4: (+1)
   \   00000024   0x0011             MOVS     R1,R2
   \   00000026   0x7005             STRB     R5,[R0, #+0]
   \   00000028   0x1C40             ADDS     R0,R0,#+1
   \   0000002A   0x1C5B             ADDS     R3,R3,#+1
   \                     ??printk_mknumstr_1: (+1)
   \   0000002C   0x2900             CMP      R1,#+0
   \   0000002E   0xD0F5             BEQ.N    ??printk_mknumstr_2
   \   00000030   0xFB91 0xF2F4      SDIV     R2,R1,R4
   \   00000034   0xFB04 0x1512      MLS      R5,R4,R2,R1
   \   00000038   0x2D00             CMP      R5,#+0
   \   0000003A   0xD5F2             BPL.N    ??printk_mknumstr_3
   \   0000003C   0x43E9             MVNS     R1,R5
   \   0000003E   0xF111 0x0531      ADDS     R5,R1,#+49
   \   00000042   0xE7EF             B.N      ??printk_mknumstr_4
   \                     ??printk_mknumstr_0: (+1)
   \   00000044   0x6809             LDR      R1,[R1, #+0]
   \   00000046   0x2900             CMP      R1,#+0
   \   00000048   0xD108             BNE.N    ??printk_mknumstr_5
   \   0000004A   0x2130             MOVS     R1,#+48
   \   0000004C   0x7001             STRB     R1,[R0, #+0]
   \   0000004E   0x1C5B             ADDS     R3,R3,#+1
   \   00000050   0xE7E4             B.N      ??printk_mknumstr_2
   \                     ??printk_mknumstr_6: (+1)
   \   00000052   0x3537             ADDS     R5,R5,#+55
   \                     ??printk_mknumstr_7: (+1)
   \   00000054   0x0011             MOVS     R1,R2
   \   00000056   0x7005             STRB     R5,[R0, #+0]
   \   00000058   0x1C40             ADDS     R0,R0,#+1
   \   0000005A   0x1C5B             ADDS     R3,R3,#+1
   \                     ??printk_mknumstr_5: (+1)
   \   0000005C   0x2900             CMP      R1,#+0
   \   0000005E   0xD0DD             BEQ.N    ??printk_mknumstr_2
   \   00000060   0xFBB1 0xF2F4      UDIV     R2,R1,R4
   \   00000064   0xFB04 0x1512      MLS      R5,R4,R2,R1
   \   00000068   0x2D0A             CMP      R5,#+10
   \   0000006A   0xD2F2             BCS.N    ??printk_mknumstr_6
   \   0000006C   0x3530             ADDS     R5,R5,#+48
   \   0000006E   0xE7F1             B.N      ??printk_mknumstr_7
    168          }
    169          
    170          /********************************************************************/

   \                                 In section .text, align 2, keep-with-next
    171          static void printk_pad_zero (int32 curlen, int32 field_width, int32 *count, PRINTK_INFO *info)
    172          {
   \                     printk_pad_zero: (+1)
   \   00000000   0xB5F8             PUSH     {R3-R7,LR}
   \   00000002   0x0004             MOVS     R4,R0
   \   00000004   0x000D             MOVS     R5,R1
   \   00000006   0x0016             MOVS     R6,R2
   \   00000008   0x001F             MOVS     R7,R3
    173              int32 i;
    174          
    175              for (i = curlen; i < field_width; i++)
   \   0000000A   0xE005             B.N      ??printk_pad_zero_0
    176              {
    177                  printk_putc('0',count, info);
   \                     ??printk_pad_zero_1: (+1)
   \   0000000C   0x003A             MOVS     R2,R7
   \   0000000E   0x0031             MOVS     R1,R6
   \   00000010   0x2030             MOVS     R0,#+48
   \   00000012   0x.... 0x....      BL       printk_putc
    178              }
   \   00000016   0x1C64             ADDS     R4,R4,#+1
   \                     ??printk_pad_zero_0: (+1)
   \   00000018   0x42AC             CMP      R4,R5
   \   0000001A   0xDBF7             BLT.N    ??printk_pad_zero_1
    179          }
   \   0000001C   0xBDF1             POP      {R0,R4-R7,PC}    ;; return
    180          
    181          /********************************************************************/

   \                                 In section .text, align 2, keep-with-next
    182          static void
    183          printk_pad_space (int32 curlen, int32 field_width, int32 *count, PRINTK_INFO *info)
    184          {
   \                     printk_pad_space: (+1)
   \   00000000   0xB5F8             PUSH     {R3-R7,LR}
   \   00000002   0x0004             MOVS     R4,R0
   \   00000004   0x000D             MOVS     R5,R1
   \   00000006   0x0016             MOVS     R6,R2
   \   00000008   0x001F             MOVS     R7,R3
    185              int32 i;
    186          
    187              for (i = curlen; i < field_width; i++)
   \   0000000A   0xE005             B.N      ??printk_pad_space_0
    188              {
    189                  printk_putc(' ',count, info);
   \                     ??printk_pad_space_1: (+1)
   \   0000000C   0x003A             MOVS     R2,R7
   \   0000000E   0x0031             MOVS     R1,R6
   \   00000010   0x2020             MOVS     R0,#+32
   \   00000012   0x.... 0x....      BL       printk_putc
    190              }
   \   00000016   0x1C64             ADDS     R4,R4,#+1
   \                     ??printk_pad_space_0: (+1)
   \   00000018   0x42AC             CMP      R4,R5
   \   0000001A   0xDBF7             BLT.N    ??printk_pad_space_1
    191          }
   \   0000001C   0xBDF1             POP      {R0,R4-R7,PC}    ;; return
    192          
    193          /********************************************************************/

   \                                 In section .text, align 2, keep-with-next
    194          int32 printk (PRINTK_INFO *info, const int8 *fmt, va_list ap)
    195          {
   \                     printk: (+1)
   \   00000000   0xE92D 0x4FF0      PUSH     {R4-R11,LR}
   \   00000004   0xB08D             SUB      SP,SP,#+52
   \   00000006   0x0005             MOVS     R5,R0
   \   00000008   0x0016             MOVS     R6,R2
    196              /* va_list ap; */
    197              int8 *p;
    198              int32 c;
    199          
    200              int8 vstr[33];
    201              int8 *vstrp;
    202              int32 vlen;
    203          
    204              int32 done;
    205              int32 count = 0;
   \   0000000A   0x2000             MOVS     R0,#+0
   \   0000000C   0x9000             STR      R0,[SP, #+0]
    206          
    207              int32 flags_used;
    208              int32 field_width;
    209          #if 0
    210              int32 precision_used;
    211              int32 precision_width;
    212              int32 length_modifier;
    213          #endif
    214          
    215              int32 ival;
    216              int32 schar, dschar;
    217              int32 *ivalp;
    218              int8 *sval;
    219              int32 cval;
    220              uint32 uval;
    221          
    222              /*
    223               * Start parsing apart the format string and display appropriate
    224               * formats and data.
    225               */
    226              for (p = (int8 *)fmt; (c = *p) != 0; p++)
   \   0000000E   0x000C             MOVS     R4,R1
   \   00000010   0xE005             B.N      ??printk_0
    227              {
    228                  /*
    229                   * All formats begin with a '%' marker.  Special chars like
    230                   * '\n' or '\t' are normally converted to the appropriate
    231                   * character by the __compiler__.  Thus, no need for this
    232                   * routine to account for the '\' character.
    233                   */
    234                  if (c != '%')
    235                  {
    236                      /*
    237                       * This needs to be replaced with something like
    238                       * 'out_char()' or call an OS routine.
    239                       */
    240          #ifndef UNIX_DEBUG
    241                      if (c != '\n')
    242                      {
    243                          printk_putc(c, &count, info);
    244                      }
    245                      else
    246                      {
    247                          printk_putc(0x0D /* CR */, &count, info);
    248                          printk_putc(0x0A /* LF */, &count, info);
    249                      }
    250          #else
    251                      printk_putc(c, &count, info);
    252          #endif
    253          
    254                      /*
    255                       * By using 'continue', the next iteration of the loop
    256                       * is used, skipping the code that follows.
    257                       */
    258                      continue;
    259                  }
    260          
    261                  /*
    262                   * First check for specification modifier flags.
    263                   */
    264                  flags_used = 0;
    265                  done = FALSE;
    266                  while (!done)
    267                  {
    268                      switch (/* c = */ *++p)
    269                      {
    270                          case '-':
    271                              flags_used |= FLAGS_MINUS;
    272                              break;
    273                          case '+':
    274                              flags_used |= FLAGS_PLUS;
    275                              break;
    276                          case ' ':
    277                              flags_used |= FLAGS_SPACE;
    278                              break;
    279                          case '0':
    280                              flags_used |= FLAGS_ZERO;
    281                              break;
    282                          case '#':
    283                              flags_used |= FLAGS_POUND;
    284                              break;
    285                          default:
    286                              /* we've gone one int8 too far */
    287                              --p;
    288                              done = TRUE;
    289                              break;
    290                      }
    291                  }
    292          
    293                  /*
    294                   * Next check for minimum field width.
    295                   */
    296                  field_width = 0;
    297                  done = FALSE;
    298                  while (!done)
    299                  {
    300                      switch (c = *++p)
    301                      {
    302                          case '0':
    303                          case '1':
    304                          case '2':
    305                          case '3':
    306                          case '4':
    307                          case '5':
    308                          case '6':
    309                          case '7':
    310                          case '8':
    311                          case '9':
    312                              field_width = (field_width * 10) + (c - '0');
    313                              break;
    314                          default:
    315                              /* we've gone one int8 too far */
    316                              --p;
    317                              done = TRUE;
    318                              break;
    319                      }
    320                  }
    321          
    322                  /*
    323                   * Next check for the width and precision field separator.
    324                   */
    325                  if (/* (c = *++p) */ *++p == '.')
    326                  {
    327                      /* precision_used = TRUE; */
    328          
    329                      /*
    330                       * Must get precision field width, if present.
    331                       */
    332                      /* precision_width = 0; */
    333                      done = FALSE;
    334                      while (!done)
    335                      {
    336                          switch (/* c = uncomment if used below */ *++p)
    337                          {
    338                              case '0':
    339                              case '1':
    340                              case '2':
    341                              case '3':
    342                              case '4':
    343                              case '5':
    344                              case '6':
    345                              case '7':
    346                              case '8':
    347                              case '9':
    348          #if 0
    349                                  precision_width = (precision_width * 10) +
    350                                      (c - '0');
    351          #endif
    352                                  break;
    353                              default:
    354                                  /* we've gone one int8 too far */
    355                                  --p;
    356                                  done = TRUE;
    357                                  break;
    358                          }
    359                      }
    360                  }
    361                  else
    362                  {
    363                      /* we've gone one int8 too far */
    364                      --p;
    365          #if 0
    366                      precision_used = FALSE;
    367                      precision_width = 0;
    368          #endif
    369                  }
    370          
    371                  /*
    372                   * Check for the length modifier.
    373                   */
    374                  /* length_modifier = 0; */
    375                  switch (/* c = */ *++p)
    376                  {
    377                      case 'h':
    378                          /* length_modifier |= LENMOD_h; */
    379                          break;
    380                      case 'l':
    381                          /* length_modifier |= LENMOD_l; */
    382                          break;
    383                      case 'L':
    384                          /* length_modifier |= LENMOD_L; */
    385                          break;
    386                      default:
    387                          /* we've gone one int8 too far */
    388                          --p;
    389                          break;
    390                  }
    391          
    392                  /*
    393                   * Now we're ready to examine the format.
    394                   */
    395                  switch (c = *++p)
    396                  {
    397                      case 'd':
    398                      case 'i':
    399                          ival = (int32)va_arg(ap, int32);
    400                          vlen = printk_mknumstr(vstr,&ival,TRUE,10);
    401                          vstrp = &vstr[vlen];
    402          
    403                          if (ival < 0)
    404                          {
    405                              schar = '-';
    406                              ++vlen;
    407                          }
    408                          else
    409                          {
    410                              if (IS_FLAG_PLUS(flags_used))
    411                              {
    412                                  schar = '+';
    413                                  ++vlen;
    414                              }
    415                              else
    416                              {
    417                                  if (IS_FLAG_SPACE(flags_used))
    418                                  {
    419                                      schar = ' ';
    420                                      ++vlen;
    421                                  }
    422                                  else
    423                                  {
    424                                      schar = 0;
    425                                  }
    426                              }
    427                          }
    428                          dschar = FALSE;
    429                      
    430                          /*
    431                           * do the ZERO pad.
    432                           */
    433                          if (IS_FLAG_ZERO(flags_used))
    434                          {
    435                              if (schar)
    436                                  printk_putc(schar, &count, info);
    437                              dschar = TRUE;
    438                      
    439                              printk_pad_zero (vlen, field_width, &count, info);
    440                              vlen = field_width;
    441                          }
    442                          else
    443                          {
    444                              if (!IS_FLAG_MINUS(flags_used))
    445                              {
    446                                  printk_pad_space (vlen, field_width, &count, info);
    447                      
    448                                  if (schar)
    449                                      printk_putc(schar, &count, info);
    450                                  dschar = TRUE;
    451                              }
    452                          }
    453                      
    454                          /* the string was built in reverse order, now display in */
    455                          /* correct order */
    456                          if (!dschar && schar)
    457                          {
    458                              printk_putc(schar, &count, info);
    459                          }
    460                          goto cont_xd;
    461          
    462                      case 'x':
    463                      case 'X':
    464                          uval = (uint32)va_arg(ap, uint32);
    465                          vlen = printk_mknumstr(vstr,&uval,FALSE,16);
    466                          vstrp = &vstr[vlen];
    467          
    468                          dschar = FALSE;
    469                          if (IS_FLAG_ZERO(flags_used))
    470                          {
    471                              if (IS_FLAG_POUND(flags_used))
    472                              {
    473                                  printk_putc('0', &count, info);
    474                                  printk_putc('x', &count, info);
    475                                  /*vlen += 2;*/
    476                                  dschar = TRUE;
    477                              }
    478                              printk_pad_zero (vlen, field_width, &count, info);
    479                              vlen = field_width;
    480                          }
    481                          else
    482                          {
    483                              if (!IS_FLAG_MINUS(flags_used))
    484                              {
    485                                  if (IS_FLAG_POUND(flags_used))
    486                                  {
    487                                      vlen += 2;
    488                                  }
    489                                  printk_pad_space (vlen, field_width, &count, info);
    490                                  if (IS_FLAG_POUND(flags_used))
    491                                  {
    492                                      printk_putc('0', &count, info);
    493                                      printk_putc('x', &count, info);
    494                                      dschar = TRUE;
    495                                  }
    496                              }
    497                          }
    498          
    499                          if ((IS_FLAG_POUND(flags_used)) && !dschar)
    500                          {
    501                              printk_putc('0', &count, info);
    502                              printk_putc('x', &count, info);
    503                              vlen += 2;
    504                          }
    505                          goto cont_xd;
    506          
    507                      case 'o':
    508                          uval = (uint32)va_arg(ap, uint32);
    509                          vlen = printk_mknumstr(vstr,&uval,FALSE,8);
    510                          goto cont_u;
    511                      case 'b':
    512                          uval = (uint32)va_arg(ap, uint32);
    513                          vlen = printk_mknumstr(vstr,&uval,FALSE,2);
    514                          goto cont_u;
    515                      case 'p':
    516                          uval = (uint32)va_arg(ap, void *);
    517                          vlen = printk_mknumstr(vstr,&uval,FALSE,16);
    518                          goto cont_u;
    519                      case 'u':
    520                          uval = (uint32)va_arg(ap, uint32);
    521                          vlen = printk_mknumstr(vstr,&uval,FALSE,10);
    522          
    523                          cont_u:
    524                              vstrp = &vstr[vlen];
    525          
    526                              if (IS_FLAG_ZERO(flags_used))
    527                              {
    528                                  printk_pad_zero (vlen, field_width, &count, info);
    529                                  vlen = field_width;
    530                              }
    531                              else
    532                              {
    533                                  if (!IS_FLAG_MINUS(flags_used))
    534                                  {
    535                                      printk_pad_space (vlen, field_width, &count, info);
    536                                  }
    537                              }
    538          
    539                          cont_xd:
    540                              while (*vstrp)
    541                                  printk_putc(*vstrp--, &count, info);
    542          
    543                              if (IS_FLAG_MINUS(flags_used))
    544                              {
    545                                  printk_pad_space (vlen, field_width, &count, info);
    546                              }
    547                          break;
    548          
    549                      case 'c':
    550                          cval = (int8)va_arg(ap, uint32);
    551                          printk_putc(cval,&count, info);
    552                          break;
    553                      case 's':
    554                          sval = (int8 *)va_arg(ap, int8 *);
    555                          if (sval)
    556                          {
    557                              vlen = strlen(sval);
    558                              if (!IS_FLAG_MINUS(flags_used))
    559                              {
    560                                  printk_pad_space (vlen, field_width, &count, info);
    561                              }
    562                              while (*sval)
    563                                  printk_putc(*sval++,&count, info);
    564                              if (IS_FLAG_MINUS(flags_used))
    565                              {
    566                                  printk_pad_space (vlen, field_width, &count, info);
    567                              }
    568                          }
    569                          break;
    570                      case 'n':
    571                          ivalp = (int32 *)va_arg(ap, int32 *);
    572                          *ivalp = count;
    573                          break;
    574                      default:
    575                          printk_putc(c,&count, info);
   \                     ??printk_1: (+1)
   \   00000012   0x002A             MOVS     R2,R5
   \   00000014   0xA900             ADD      R1,SP,#+0
   \   00000016   0x0018             MOVS     R0,R3
   \   00000018   0x.... 0x....      BL       printk_putc
    576                          break;
   \                     ??printk_2: (+1)
   \   0000001C   0x1C64             ADDS     R4,R4,#+1
   \                     ??printk_0: (+1)
   \   0000001E   0xF994 0x3000      LDRSB    R3,[R4, #+0]
   \   00000022   0x2B00             CMP      R3,#+0
   \   00000024   0xF000 0x81C8      BEQ.W    ??printk_3
   \   00000028   0x2B25             CMP      R3,#+37
   \   0000002A   0xD012             BEQ.N    ??printk_4
   \   0000002C   0x2B0A             CMP      R3,#+10
   \   0000002E   0xD005             BEQ.N    ??printk_5
   \   00000030   0x002A             MOVS     R2,R5
   \   00000032   0xA900             ADD      R1,SP,#+0
   \   00000034   0x0018             MOVS     R0,R3
   \   00000036   0x.... 0x....      BL       printk_putc
   \   0000003A   0xE009             B.N      ??printk_6
   \                     ??printk_5: (+1)
   \   0000003C   0x002A             MOVS     R2,R5
   \   0000003E   0xA900             ADD      R1,SP,#+0
   \   00000040   0x200D             MOVS     R0,#+13
   \   00000042   0x.... 0x....      BL       printk_putc
   \   00000046   0x002A             MOVS     R2,R5
   \   00000048   0xA900             ADD      R1,SP,#+0
   \   0000004A   0x200A             MOVS     R0,#+10
   \   0000004C   0x.... 0x....      BL       printk_putc
   \                     ??printk_6: (+1)
   \   00000050   0xE7E4             B.N      ??printk_2
   \                     ??printk_4: (+1)
   \   00000052   0x2700             MOVS     R7,#+0
   \   00000054   0x2100             MOVS     R1,#+0
   \   00000056   0xE001             B.N      ??printk_7
   \                     ??printk_8: (+1)
   \   00000058   0xF057 0x0701      ORRS     R7,R7,#0x1
   \                     ??printk_7: (+1)
   \   0000005C   0x2900             CMP      R1,#+0
   \   0000005E   0xD11C             BNE.N    ??printk_9
   \   00000060   0x1C64             ADDS     R4,R4,#+1
   \   00000062   0xF994 0x0000      LDRSB    R0,[R4, #+0]
   \   00000066   0x2820             CMP      R0,#+32
   \   00000068   0xD00B             BEQ.N    ??printk_10
   \   0000006A   0x2823             CMP      R0,#+35
   \   0000006C   0xD00F             BEQ.N    ??printk_11
   \   0000006E   0x282B             CMP      R0,#+43
   \   00000070   0xD004             BEQ.N    ??printk_12
   \   00000072   0x282D             CMP      R0,#+45
   \   00000074   0xD0F0             BEQ.N    ??printk_8
   \   00000076   0x2830             CMP      R0,#+48
   \   00000078   0xD006             BEQ.N    ??printk_13
   \   0000007A   0xE00B             B.N      ??printk_14
   \                     ??printk_12: (+1)
   \   0000007C   0xF057 0x0702      ORRS     R7,R7,#0x2
   \   00000080   0xE7EC             B.N      ??printk_7
   \                     ??printk_10: (+1)
   \   00000082   0xF057 0x0704      ORRS     R7,R7,#0x4
   \   00000086   0xE7E9             B.N      ??printk_7
   \                     ??printk_13: (+1)
   \   00000088   0xF057 0x0708      ORRS     R7,R7,#0x8
   \   0000008C   0xE7E6             B.N      ??printk_7
   \                     ??printk_11: (+1)
   \   0000008E   0xF057 0x0710      ORRS     R7,R7,#0x10
   \   00000092   0xE7E3             B.N      ??printk_7
   \                     ??printk_14: (+1)
   \   00000094   0x1E64             SUBS     R4,R4,#+1
   \   00000096   0x2101             MOVS     R1,#+1
   \   00000098   0xE7E0             B.N      ??printk_7
   \                     ??printk_9: (+1)
   \   0000009A   0xF05F 0x0800      MOVS     R8,#+0
   \   0000009E   0x2100             MOVS     R1,#+0
   \   000000A0   0xE004             B.N      ??printk_15
   \                     ??printk_16: (+1)
   \   000000A2   0x200A             MOVS     R0,#+10
   \   000000A4   0xFB00 0x3008      MLA      R0,R0,R8,R3
   \   000000A8   0xF1B0 0x0830      SUBS     R8,R0,#+48
   \                     ??printk_15: (+1)
   \   000000AC   0x2900             CMP      R1,#+0
   \   000000AE   0xD109             BNE.N    ??printk_17
   \   000000B0   0x1C64             ADDS     R4,R4,#+1
   \   000000B2   0xF994 0x3000      LDRSB    R3,[R4, #+0]
   \   000000B6   0x0018             MOVS     R0,R3
   \   000000B8   0x3830             SUBS     R0,R0,#+48
   \   000000BA   0x2809             CMP      R0,#+9
   \   000000BC   0xD9F1             BLS.N    ??printk_16
   \                     ??printk_18: (+1)
   \   000000BE   0x1E64             SUBS     R4,R4,#+1
   \   000000C0   0x2101             MOVS     R1,#+1
   \   000000C2   0xE7F3             B.N      ??printk_15
   \                     ??printk_17: (+1)
   \   000000C4   0x1C64             ADDS     R4,R4,#+1
   \   000000C6   0xF994 0x0000      LDRSB    R0,[R4, #+0]
   \   000000CA   0x282E             CMP      R0,#+46
   \   000000CC   0xD10C             BNE.N    ??printk_19
   \   000000CE   0x2100             MOVS     R1,#+0
   \   000000D0   0xE7FF             B.N      ??printk_20
   \                     ??printk_21: (+1)
   \                     ??printk_20: (+1)
   \   000000D2   0x2900             CMP      R1,#+0
   \   000000D4   0xD109             BNE.N    ??printk_22
   \   000000D6   0x1C64             ADDS     R4,R4,#+1
   \   000000D8   0xF994 0x0000      LDRSB    R0,[R4, #+0]
   \   000000DC   0x3830             SUBS     R0,R0,#+48
   \   000000DE   0x2809             CMP      R0,#+9
   \   000000E0   0xD9F7             BLS.N    ??printk_21
   \                     ??printk_23: (+1)
   \   000000E2   0x1E64             SUBS     R4,R4,#+1
   \   000000E4   0x2101             MOVS     R1,#+1
   \   000000E6   0xE7F4             B.N      ??printk_20
   \                     ??printk_19: (+1)
   \   000000E8   0x1E64             SUBS     R4,R4,#+1
   \                     ??printk_22: (+1)
   \   000000EA   0x1C64             ADDS     R4,R4,#+1
   \   000000EC   0xF994 0x0000      LDRSB    R0,[R4, #+0]
   \   000000F0   0x284C             CMP      R0,#+76
   \   000000F2   0xD006             BEQ.N    ??printk_24
   \   000000F4   0x2868             CMP      R0,#+104
   \   000000F6   0xD002             BEQ.N    ??printk_25
   \   000000F8   0x286C             CMP      R0,#+108
   \   000000FA   0xD001             BEQ.N    ??printk_26
   \   000000FC   0xE002             B.N      ??printk_27
   \                     ??printk_25: (+1)
   \   000000FE   0xE002             B.N      ??printk_28
   \                     ??printk_26: (+1)
   \   00000100   0xE001             B.N      ??printk_28
   \                     ??printk_24: (+1)
   \   00000102   0xE000             B.N      ??printk_28
   \                     ??printk_27: (+1)
   \   00000104   0x1E64             SUBS     R4,R4,#+1
   \                     ??printk_28: (+1)
   \   00000106   0x1C64             ADDS     R4,R4,#+1
   \   00000108   0xF994 0x3000      LDRSB    R3,[R4, #+0]
   \   0000010C   0x0018             MOVS     R0,R3
   \   0000010E   0x2858             CMP      R0,#+88
   \   00000110   0xD074             BEQ.N    ??printk_29
   \   00000112   0x2862             CMP      R0,#+98
   \   00000114   0xF000 0x80D0      BEQ.W    ??printk_30
   \   00000118   0x2863             CMP      R0,#+99
   \   0000011A   0xF000 0x8118      BEQ.W    ??printk_31
   \   0000011E   0x2864             CMP      R0,#+100
   \   00000120   0xD013             BEQ.N    ??printk_32
   \   00000122   0x2869             CMP      R0,#+105
   \   00000124   0xD011             BEQ.N    ??printk_32
   \   00000126   0x286E             CMP      R0,#+110
   \   00000128   0xF000 0x8141      BEQ.W    ??printk_33
   \   0000012C   0x286F             CMP      R0,#+111
   \   0000012E   0xF000 0x80B8      BEQ.W    ??printk_34
   \   00000132   0x2870             CMP      R0,#+112
   \   00000134   0xF000 0x80CB      BEQ.W    ??printk_35
   \   00000138   0x2873             CMP      R0,#+115
   \   0000013A   0xF000 0x8110      BEQ.W    ??printk_36
   \   0000013E   0x2875             CMP      R0,#+117
   \   00000140   0xF000 0x80D0      BEQ.W    ??printk_37
   \   00000144   0x2878             CMP      R0,#+120
   \   00000146   0xD059             BEQ.N    ??printk_29
   \   00000148   0xE763             B.N      ??printk_1
   \                     ??printk_32: (+1)
   \   0000014A   0x6830             LDR      R0,[R6, #+0]
   \   0000014C   0x9003             STR      R0,[SP, #+12]
   \   0000014E   0x1D36             ADDS     R6,R6,#+4
   \   00000150   0x230A             MOVS     R3,#+10
   \   00000152   0x2201             MOVS     R2,#+1
   \   00000154   0xA903             ADD      R1,SP,#+12
   \   00000156   0xA804             ADD      R0,SP,#+16
   \   00000158   0x.... 0x....      BL       printk_mknumstr
   \   0000015C   0x4682             MOV      R10,R0
   \   0000015E   0xA804             ADD      R0,SP,#+16
   \   00000160   0xEB1A 0x0900      ADDS     R9,R10,R0
   \   00000164   0x9803             LDR      R0,[SP, #+12]
   \   00000166   0x2800             CMP      R0,#+0
   \   00000168   0xD504             BPL.N    ??printk_38
   \   0000016A   0x202D             MOVS     R0,#+45
   \   0000016C   0x9002             STR      R0,[SP, #+8]
   \   0000016E   0xF11A 0x0A01      ADDS     R10,R10,#+1
   \   00000172   0xE00F             B.N      ??printk_39
   \                     ??printk_38: (+1)
   \   00000174   0x07B8             LSLS     R0,R7,#+30
   \   00000176   0xD504             BPL.N    ??printk_40
   \   00000178   0x202B             MOVS     R0,#+43
   \   0000017A   0x9002             STR      R0,[SP, #+8]
   \   0000017C   0xF11A 0x0A01      ADDS     R10,R10,#+1
   \   00000180   0xE008             B.N      ??printk_39
   \                     ??printk_40: (+1)
   \   00000182   0x0778             LSLS     R0,R7,#+29
   \   00000184   0xD504             BPL.N    ??printk_41
   \   00000186   0x2020             MOVS     R0,#+32
   \   00000188   0x9002             STR      R0,[SP, #+8]
   \   0000018A   0xF11A 0x0A01      ADDS     R10,R10,#+1
   \   0000018E   0xE001             B.N      ??printk_39
   \                     ??printk_41: (+1)
   \   00000190   0x2000             MOVS     R0,#+0
   \   00000192   0x9002             STR      R0,[SP, #+8]
   \                     ??printk_39: (+1)
   \   00000194   0xF05F 0x0B00      MOVS     R11,#+0
   \   00000198   0x0738             LSLS     R0,R7,#+28
   \   0000019A   0xD511             BPL.N    ??printk_42
   \   0000019C   0x9802             LDR      R0,[SP, #+8]
   \   0000019E   0x2800             CMP      R0,#+0
   \   000001A0   0xD004             BEQ.N    ??printk_43
   \   000001A2   0x002A             MOVS     R2,R5
   \   000001A4   0xA900             ADD      R1,SP,#+0
   \   000001A6   0x9802             LDR      R0,[SP, #+8]
   \   000001A8   0x.... 0x....      BL       printk_putc
   \                     ??printk_43: (+1)
   \   000001AC   0xF05F 0x0B01      MOVS     R11,#+1
   \   000001B0   0x002B             MOVS     R3,R5
   \   000001B2   0xAA00             ADD      R2,SP,#+0
   \   000001B4   0x4641             MOV      R1,R8
   \   000001B6   0x4650             MOV      R0,R10
   \   000001B8   0x.... 0x....      BL       printk_pad_zero
   \   000001BC   0x46C2             MOV      R10,R8
   \   000001BE   0xE011             B.N      ??printk_44
   \                     ??printk_42: (+1)
   \   000001C0   0x07F8             LSLS     R0,R7,#+31
   \   000001C2   0xD40F             BMI.N    ??printk_44
   \   000001C4   0x002B             MOVS     R3,R5
   \   000001C6   0xAA00             ADD      R2,SP,#+0
   \   000001C8   0x4641             MOV      R1,R8
   \   000001CA   0x4650             MOV      R0,R10
   \   000001CC   0x.... 0x....      BL       printk_pad_space
   \   000001D0   0x9802             LDR      R0,[SP, #+8]
   \   000001D2   0x2800             CMP      R0,#+0
   \   000001D4   0xD004             BEQ.N    ??printk_45
   \   000001D6   0x002A             MOVS     R2,R5
   \   000001D8   0xA900             ADD      R1,SP,#+0
   \   000001DA   0x9802             LDR      R0,[SP, #+8]
   \   000001DC   0x.... 0x....      BL       printk_putc
   \                     ??printk_45: (+1)
   \   000001E0   0xF05F 0x0B01      MOVS     R11,#+1
   \                     ??printk_44: (+1)
   \   000001E4   0xF1BB 0x0F00      CMP      R11,#+0
   \   000001E8   0xD107             BNE.N    ??printk_46
   \   000001EA   0x9802             LDR      R0,[SP, #+8]
   \   000001EC   0x2800             CMP      R0,#+0
   \   000001EE   0xD004             BEQ.N    ??printk_46
   \   000001F0   0x002A             MOVS     R2,R5
   \   000001F2   0xA900             ADD      R1,SP,#+0
   \   000001F4   0x9802             LDR      R0,[SP, #+8]
   \   000001F6   0x.... 0x....      BL       printk_putc
   \                     ??printk_46: (+1)
   \   000001FA   0xE09B             B.N      ??printk_47
   \                     ??printk_29: (+1)
   \   000001FC   0x6830             LDR      R0,[R6, #+0]
   \   000001FE   0x9001             STR      R0,[SP, #+4]
   \   00000200   0x1D36             ADDS     R6,R6,#+4
   \   00000202   0x2310             MOVS     R3,#+16
   \   00000204   0x2200             MOVS     R2,#+0
   \   00000206   0xA901             ADD      R1,SP,#+4
   \   00000208   0xA804             ADD      R0,SP,#+16
   \   0000020A   0x.... 0x....      BL       printk_mknumstr
   \   0000020E   0x4682             MOV      R10,R0
   \   00000210   0xA804             ADD      R0,SP,#+16
   \   00000212   0xEB1A 0x0900      ADDS     R9,R10,R0
   \   00000216   0xF05F 0x0B00      MOVS     R11,#+0
   \   0000021A   0x0738             LSLS     R0,R7,#+28
   \   0000021C   0xD515             BPL.N    ??printk_48
   \   0000021E   0x06F8             LSLS     R0,R7,#+27
   \   00000220   0xD50B             BPL.N    ??printk_49
   \   00000222   0x002A             MOVS     R2,R5
   \   00000224   0xA900             ADD      R1,SP,#+0
   \   00000226   0x2030             MOVS     R0,#+48
   \   00000228   0x.... 0x....      BL       printk_putc
   \   0000022C   0x002A             MOVS     R2,R5
   \   0000022E   0xA900             ADD      R1,SP,#+0
   \   00000230   0x2078             MOVS     R0,#+120
   \   00000232   0x.... 0x....      BL       printk_putc
   \   00000236   0xF05F 0x0B01      MOVS     R11,#+1
   \                     ??printk_49: (+1)
   \   0000023A   0x002B             MOVS     R3,R5
   \   0000023C   0xAA00             ADD      R2,SP,#+0
   \   0000023E   0x4641             MOV      R1,R8
   \   00000240   0x4650             MOV      R0,R10
   \   00000242   0x.... 0x....      BL       printk_pad_zero
   \   00000246   0x46C2             MOV      R10,R8
   \   00000248   0xE019             B.N      ??printk_50
   \                     ??printk_48: (+1)
   \   0000024A   0x07F8             LSLS     R0,R7,#+31
   \   0000024C   0xD417             BMI.N    ??printk_50
   \   0000024E   0x06F8             LSLS     R0,R7,#+27
   \   00000250   0xD501             BPL.N    ??printk_51
   \   00000252   0xF11A 0x0A02      ADDS     R10,R10,#+2
   \                     ??printk_51: (+1)
   \   00000256   0x002B             MOVS     R3,R5
   \   00000258   0xAA00             ADD      R2,SP,#+0
   \   0000025A   0x4641             MOV      R1,R8
   \   0000025C   0x4650             MOV      R0,R10
   \   0000025E   0x.... 0x....      BL       printk_pad_space
   \   00000262   0x06F8             LSLS     R0,R7,#+27
   \   00000264   0xD50B             BPL.N    ??printk_50
   \   00000266   0x002A             MOVS     R2,R5
   \   00000268   0xA900             ADD      R1,SP,#+0
   \   0000026A   0x2030             MOVS     R0,#+48
   \   0000026C   0x.... 0x....      BL       printk_putc
   \   00000270   0x002A             MOVS     R2,R5
   \   00000272   0xA900             ADD      R1,SP,#+0
   \   00000274   0x2078             MOVS     R0,#+120
   \   00000276   0x.... 0x....      BL       printk_putc
   \   0000027A   0xF05F 0x0B01      MOVS     R11,#+1
   \                     ??printk_50: (+1)
   \   0000027E   0x06F8             LSLS     R0,R7,#+27
   \   00000280   0xD50E             BPL.N    ??printk_52
   \   00000282   0xF1BB 0x0F00      CMP      R11,#+0
   \   00000286   0xD10B             BNE.N    ??printk_52
   \   00000288   0x002A             MOVS     R2,R5
   \   0000028A   0xA900             ADD      R1,SP,#+0
   \   0000028C   0x2030             MOVS     R0,#+48
   \   0000028E   0x.... 0x....      BL       printk_putc
   \   00000292   0x002A             MOVS     R2,R5
   \   00000294   0xA900             ADD      R1,SP,#+0
   \   00000296   0x2078             MOVS     R0,#+120
   \   00000298   0x.... 0x....      BL       printk_putc
   \   0000029C   0xF11A 0x0A02      ADDS     R10,R10,#+2
   \                     ??printk_52: (+1)
   \   000002A0   0xE048             B.N      ??printk_47
   \                     ??printk_34: (+1)
   \   000002A2   0x6830             LDR      R0,[R6, #+0]
   \   000002A4   0x9001             STR      R0,[SP, #+4]
   \   000002A6   0x1D36             ADDS     R6,R6,#+4
   \   000002A8   0x2308             MOVS     R3,#+8
   \   000002AA   0x2200             MOVS     R2,#+0
   \   000002AC   0xA901             ADD      R1,SP,#+4
   \   000002AE   0xA804             ADD      R0,SP,#+16
   \   000002B0   0x.... 0x....      BL       printk_mknumstr
   \   000002B4   0x4682             MOV      R10,R0
   \   000002B6   0xE01F             B.N      ??printk_53
   \                     ??printk_30: (+1)
   \   000002B8   0x6830             LDR      R0,[R6, #+0]
   \   000002BA   0x9001             STR      R0,[SP, #+4]
   \   000002BC   0x1D36             ADDS     R6,R6,#+4
   \   000002BE   0x2302             MOVS     R3,#+2
   \   000002C0   0x2200             MOVS     R2,#+0
   \   000002C2   0xA901             ADD      R1,SP,#+4
   \   000002C4   0xA804             ADD      R0,SP,#+16
   \   000002C6   0x.... 0x....      BL       printk_mknumstr
   \   000002CA   0x4682             MOV      R10,R0
   \   000002CC   0xE014             B.N      ??printk_53
   \                     ??printk_35: (+1)
   \   000002CE   0x6830             LDR      R0,[R6, #+0]
   \   000002D0   0x9001             STR      R0,[SP, #+4]
   \   000002D2   0x1D36             ADDS     R6,R6,#+4
   \   000002D4   0x2310             MOVS     R3,#+16
   \   000002D6   0x2200             MOVS     R2,#+0
   \   000002D8   0xA901             ADD      R1,SP,#+4
   \   000002DA   0xA804             ADD      R0,SP,#+16
   \   000002DC   0x.... 0x....      BL       printk_mknumstr
   \   000002E0   0x4682             MOV      R10,R0
   \   000002E2   0xE009             B.N      ??printk_53
   \                     ??printk_37: (+1)
   \   000002E4   0x6830             LDR      R0,[R6, #+0]
   \   000002E6   0x9001             STR      R0,[SP, #+4]
   \   000002E8   0x1D36             ADDS     R6,R6,#+4
   \   000002EA   0x230A             MOVS     R3,#+10
   \   000002EC   0x2200             MOVS     R2,#+0
   \   000002EE   0xA901             ADD      R1,SP,#+4
   \   000002F0   0xA804             ADD      R0,SP,#+16
   \   000002F2   0x.... 0x....      BL       printk_mknumstr
   \   000002F6   0x4682             MOV      R10,R0
   \                     ??printk_53: (+1)
   \   000002F8   0xA804             ADD      R0,SP,#+16
   \   000002FA   0xEB1A 0x0900      ADDS     R9,R10,R0
   \   000002FE   0x0738             LSLS     R0,R7,#+28
   \   00000300   0xD507             BPL.N    ??printk_54
   \   00000302   0x002B             MOVS     R3,R5
   \   00000304   0xAA00             ADD      R2,SP,#+0
   \   00000306   0x4641             MOV      R1,R8
   \   00000308   0x4650             MOV      R0,R10
   \   0000030A   0x.... 0x....      BL       printk_pad_zero
   \   0000030E   0x46C2             MOV      R10,R8
   \   00000310   0xE010             B.N      ??printk_47
   \                     ??printk_54: (+1)
   \   00000312   0x07F8             LSLS     R0,R7,#+31
   \   00000314   0xD40E             BMI.N    ??printk_47
   \   00000316   0x002B             MOVS     R3,R5
   \   00000318   0xAA00             ADD      R2,SP,#+0
   \   0000031A   0x4641             MOV      R1,R8
   \   0000031C   0x4650             MOV      R0,R10
   \   0000031E   0x.... 0x....      BL       printk_pad_space
   \   00000322   0xE007             B.N      ??printk_47
   \                     ??printk_55: (+1)
   \   00000324   0x002A             MOVS     R2,R5
   \   00000326   0xA900             ADD      R1,SP,#+0
   \   00000328   0xF999 0x0000      LDRSB    R0,[R9, #+0]
   \   0000032C   0x.... 0x....      BL       printk_putc
   \   00000330   0xF1B9 0x0901      SUBS     R9,R9,#+1
   \                     ??printk_47: (+1)
   \   00000334   0xF999 0x0000      LDRSB    R0,[R9, #+0]
   \   00000338   0x2800             CMP      R0,#+0
   \   0000033A   0xD1F3             BNE.N    ??printk_55
   \   0000033C   0x07F8             LSLS     R0,R7,#+31
   \   0000033E   0xD505             BPL.N    ??printk_56
   \   00000340   0x002B             MOVS     R3,R5
   \   00000342   0xAA00             ADD      R2,SP,#+0
   \   00000344   0x4641             MOV      R1,R8
   \   00000346   0x4650             MOV      R0,R10
   \   00000348   0x.... 0x....      BL       printk_pad_space
   \                     ??printk_56: (+1)
   \   0000034C   0xE666             B.N      ??printk_2
   \                     ??printk_31: (+1)
   \   0000034E   0xF996 0x0000      LDRSB    R0,[R6, #+0]
   \   00000352   0x1D36             ADDS     R6,R6,#+4
   \   00000354   0x002A             MOVS     R2,R5
   \   00000356   0xA900             ADD      R1,SP,#+0
   \   00000358   0x.... 0x....      BL       printk_putc
   \   0000035C   0xE65E             B.N      ??printk_2
   \                     ??printk_36: (+1)
   \   0000035E   0xF8D6 0x9000      LDR      R9,[R6, #+0]
   \   00000362   0x1D36             ADDS     R6,R6,#+4
   \   00000364   0xF1B9 0x0F00      CMP      R9,#+0
   \   00000368   0xD020             BEQ.N    ??printk_57
   \   0000036A   0x4648             MOV      R0,R9
   \   0000036C   0x.... 0x....      BL       strlen
   \   00000370   0x4682             MOV      R10,R0
   \   00000372   0x07F8             LSLS     R0,R7,#+31
   \   00000374   0xD40E             BMI.N    ??printk_58
   \   00000376   0x002B             MOVS     R3,R5
   \   00000378   0xAA00             ADD      R2,SP,#+0
   \   0000037A   0x4641             MOV      R1,R8
   \   0000037C   0x4650             MOV      R0,R10
   \   0000037E   0x.... 0x....      BL       printk_pad_space
   \   00000382   0xE007             B.N      ??printk_58
   \                     ??printk_59: (+1)
   \   00000384   0x002A             MOVS     R2,R5
   \   00000386   0xA900             ADD      R1,SP,#+0
   \   00000388   0xF999 0x0000      LDRSB    R0,[R9, #+0]
   \   0000038C   0x.... 0x....      BL       printk_putc
   \   00000390   0xF119 0x0901      ADDS     R9,R9,#+1
   \                     ??printk_58: (+1)
   \   00000394   0xF999 0x0000      LDRSB    R0,[R9, #+0]
   \   00000398   0x2800             CMP      R0,#+0
   \   0000039A   0xD1F3             BNE.N    ??printk_59
   \   0000039C   0x07F8             LSLS     R0,R7,#+31
   \   0000039E   0xD505             BPL.N    ??printk_57
   \   000003A0   0x002B             MOVS     R3,R5
   \   000003A2   0xAA00             ADD      R2,SP,#+0
   \   000003A4   0x4641             MOV      R1,R8
   \   000003A6   0x4650             MOV      R0,R10
   \   000003A8   0x.... 0x....      BL       printk_pad_space
   \                     ??printk_57: (+1)
   \   000003AC   0xE636             B.N      ??printk_2
   \                     ??printk_33: (+1)
   \   000003AE   0x6830             LDR      R0,[R6, #+0]
   \   000003B0   0x1D36             ADDS     R6,R6,#+4
   \   000003B2   0x9900             LDR      R1,[SP, #+0]
   \   000003B4   0x6001             STR      R1,[R0, #+0]
   \   000003B6   0xE631             B.N      ??printk_2
    577                  }
    578              }
    579              return count;
   \                     ??printk_3: (+1)
   \   000003B8   0x9800             LDR      R0,[SP, #+0]
   \   000003BA   0xB00D             ADD      SP,SP,#+52
   \   000003BC   0xE8BD 0x8FF0      POP      {R4-R11,PC}      ;; return
    580          }
    581          
    582          /********************************************************************/

   \                                 In section .text, align 2, keep-with-next
    583          int32 printf (const int8 *fmt, ...)
    584          {
   \                     printf: (+1)
   \   00000000   0xB40E             PUSH     {R1-R3}
   \   00000002   0xB500             PUSH     {LR}
   \   00000004   0xB084             SUB      SP,SP,#+16
    585              va_list ap;
    586              int32 rvalue;
    587              PRINTK_INFO info;
    588          
    589          
    590              info.dest = DEST_CONSOLE;
   \   00000006   0x2101             MOVS     R1,#+1
   \   00000008   0x9100             STR      R1,[SP, #+0]
    591              info.func = &out_char;
   \   0000000A   0x....             LDR.N    R1,??DataTable0
   \   0000000C   0x9101             STR      R1,[SP, #+4]
    592              /*
    593               * Initialize the pointer to the variable length argument list.
    594               */
    595              va_start(ap, fmt);
   \   0000000E   0xAA05             ADD      R2,SP,#+20
    596              rvalue = printk(&info, fmt, ap);
   \   00000010   0x0001             MOVS     R1,R0
   \   00000012   0xA800             ADD      R0,SP,#+0
   \   00000014   0x.... 0x....      BL       printk
    597              /*
    598               * Cleanup the variable length argument list.
    599               */
    600              va_end(ap);
    601              return rvalue;
   \   00000018   0xB004             ADD      SP,SP,#+16
   \   0000001A   0xF85D 0xFB10      LDR      PC,[SP], #+16    ;; return
    602          }
    603          
    604          /********************************************************************/

   \                                 In section .text, align 2, keep-with-next
    605          int32 sprintf (int8 *s, const int8 *fmt, ...)
    606          {
   \                     sprintf: (+1)
   \   00000000   0xB40C             PUSH     {R2,R3}
   \   00000002   0xB5E0             PUSH     {R5-R7,LR}
   \   00000004   0x0002             MOVS     R2,R0
    607              va_list ap;
    608              int32 rvalue = 0;
   \   00000006   0x2000             MOVS     R0,#+0
    609              PRINTK_INFO info;
    610          
    611              /*
    612               * Initialize the pointer to the variable length argument list.
    613               */
    614              if (s != 0)
   \   00000008   0x2A00             CMP      R2,#+0
   \   0000000A   0xD009             BEQ.N    ??sprintf_0
    615              {
    616                  info.dest = DEST_STRING;
   \   0000000C   0x2002             MOVS     R0,#+2
   \   0000000E   0x9000             STR      R0,[SP, #+0]
    617                  info.loc = s;
   \   00000010   0x9202             STR      R2,[SP, #+8]
    618                  va_start(ap, fmt);
   \   00000012   0xAA04             ADD      R2,SP,#+16
    619                  rvalue = printk(&info, fmt, ap);
   \   00000014   0xA800             ADD      R0,SP,#+0
   \   00000016   0x.... 0x....      BL       printk
    620                  *info.loc = '\0';
   \   0000001A   0x9902             LDR      R1,[SP, #+8]
   \   0000001C   0x2200             MOVS     R2,#+0
   \   0000001E   0x700A             STRB     R2,[R1, #+0]
    621                  va_end(ap);
    622              }
    623              return rvalue;
   \                     ??sprintf_0: (+1)
   \   00000020   0xBC0E             POP      {R1-R3}
   \   00000022   0xF85D 0xFB0C      LDR      PC,[SP], #+12    ;; return
    624          }
    625          
    626          /********************************************************************/

   \                                 In section .text, align 2, keep-with-next
    627          void oledprintf(uint8 x,uint8 y,const int8* fmt,...)
    628          {
   \                     oledprintf: (+1)
   \   00000000   0xB408             PUSH     {R3}
   \   00000002   0xB530             PUSH     {R4,R5,LR}
   \   00000004   0xB08A             SUB      SP,SP,#+40
   \   00000006   0x0004             MOVS     R4,R0
   \   00000008   0x000D             MOVS     R5,R1
   \   0000000A   0x0011             MOVS     R1,R2
    629            int8 s[21];
    630            va_list ap;
    631            PRINTK_INFO info;
    632            
    633            /*
    634            * Initialize the pointer to the variable length argument list.
    635            */
    636            if (s != 0)
   \   0000000C   0xA803             ADD      R0,SP,#+12
   \   0000000E   0x2800             CMP      R0,#+0
   \   00000010   0xD00A             BEQ.N    ??oledprintf_0
    637            {
    638              info.dest = DEST_STRING;
   \   00000012   0x2002             MOVS     R0,#+2
   \   00000014   0x9000             STR      R0,[SP, #+0]
    639              info.loc = s;
   \   00000016   0xA803             ADD      R0,SP,#+12
   \   00000018   0x9002             STR      R0,[SP, #+8]
    640              va_start(ap, fmt);
   \   0000001A   0xAA0D             ADD      R2,SP,#+52
    641              printk(&info, fmt, ap);
   \   0000001C   0xA800             ADD      R0,SP,#+0
   \   0000001E   0x.... 0x....      BL       printk
    642              *info.loc = '\0';
   \   00000022   0x9802             LDR      R0,[SP, #+8]
   \   00000024   0x2100             MOVS     R1,#+0
   \   00000026   0x7001             STRB     R1,[R0, #+0]
    643              va_end(ap);
    644            }
    645            
    646            LCD_P6x8Str(y,x,(uint8*)s);
   \                     ??oledprintf_0: (+1)
   \   00000028   0xAA03             ADD      R2,SP,#+12
   \   0000002A   0x0021             MOVS     R1,R4
   \   0000002C   0xB2C9             UXTB     R1,R1            ;; ZeroExt  R1,R1,#+24,#+24
   \   0000002E   0x0028             MOVS     R0,R5
   \   00000030   0xB2C0             UXTB     R0,R0            ;; ZeroExt  R0,R0,#+24,#+24
   \   00000032   0x.... 0x....      BL       LCD_P6x8Str
    647          }
   \   00000036   0xB00A             ADD      SP,SP,#+40
   \   00000038   0xBC30             POP      {R4,R5}
   \   0000003A   0xF85D 0xFB08      LDR      PC,[SP], #+8     ;; return
    648          
    649          /********************************************************************/

   \                                 In section .text, align 2, keep-with-next
    650          void oledprintfw(uint8 x,uint8 y,const int8* fmt,...)
    651          {
   \                     oledprintfw: (+1)
   \   00000000   0xB408             PUSH     {R3}
   \   00000002   0xB530             PUSH     {R4,R5,LR}
   \   00000004   0xB08A             SUB      SP,SP,#+40
   \   00000006   0x0004             MOVS     R4,R0
   \   00000008   0x000D             MOVS     R5,R1
   \   0000000A   0x0011             MOVS     R1,R2
    652            int8 s[21];
    653            va_list ap;
    654            PRINTK_INFO info;
    655            
    656            /*
    657            * Initialize the pointer to the variable length argument list.
    658            */
    659            if (s != 0)
   \   0000000C   0xA803             ADD      R0,SP,#+12
   \   0000000E   0x2800             CMP      R0,#+0
   \   00000010   0xD00A             BEQ.N    ??oledprintfw_0
    660            {
    661              info.dest = DEST_STRING;
   \   00000012   0x2002             MOVS     R0,#+2
   \   00000014   0x9000             STR      R0,[SP, #+0]
    662              info.loc = s;
   \   00000016   0xA803             ADD      R0,SP,#+12
   \   00000018   0x9002             STR      R0,[SP, #+8]
    663              va_start(ap, fmt);
   \   0000001A   0xAA0D             ADD      R2,SP,#+52
    664              printk(&info, fmt, ap);
   \   0000001C   0xA800             ADD      R0,SP,#+0
   \   0000001E   0x.... 0x....      BL       printk
    665              *info.loc = '\0';
   \   00000022   0x9802             LDR      R0,[SP, #+8]
   \   00000024   0x2100             MOVS     R1,#+0
   \   00000026   0x7001             STRB     R1,[R0, #+0]
    666              va_end(ap);
    667            }
    668            
    669            LCD_P6x8StrW(y,x,(uint8*)s);
   \                     ??oledprintfw_0: (+1)
   \   00000028   0xAA03             ADD      R2,SP,#+12
   \   0000002A   0x0021             MOVS     R1,R4
   \   0000002C   0xB2C9             UXTB     R1,R1            ;; ZeroExt  R1,R1,#+24,#+24
   \   0000002E   0x0028             MOVS     R0,R5
   \   00000030   0xB2C0             UXTB     R0,R0            ;; ZeroExt  R0,R0,#+24,#+24
   \   00000032   0x.... 0x....      BL       LCD_P6x8StrW
    670          }
   \   00000036   0xB00A             ADD      SP,SP,#+40
   \   00000038   0xBC30             POP      {R4,R5}
   \   0000003A   0xF85D 0xFB08      LDR      PC,[SP], #+8     ;; return

   \                                 In section .text, align 4, keep-with-next
   \                     ??DataTable0:
   \   00000000   0x........         DC32     out_char

   Maximum stack usage in bytes:

   .cstack Function
   ------- --------
      56   oledprintf
        56   -> LCD_P6x8Str
        56   -> printk
      56   oledprintfw
        56   -> LCD_P6x8StrW
        56   -> printk
      32   printf
        32   -> printk
      88   printk
        88   -> printk_mknumstr
        88   -> printk_pad_space
        88   -> printk_pad_zero
        88   -> printk_putc
        88   -> strlen
       8   printk_mknumstr
      24   printk_pad_space
        24   -> printk_putc
      24   printk_pad_zero
        24   -> printk_putc
       8   printk_putc
         8   -- Indirect call
      24   sprintf
        24   -> printk


   Section sizes:

   Bytes  Function/Label
   -----  --------------
       4  ??DataTable0
      62  oledprintf
      62  oledprintfw
      30  printf
     960  printk
     112  printk_mknumstr
      30  printk_pad_space
      30  printk_pad_zero
      44  printk_putc
      38  sprintf

 
 1 372 bytes in section .text
 
 1 372 bytes of CODE memory

Errors: none
Warnings: none
